Found the following envvars:
 -  DD_ORCHESTRATOR_EXPLORER_CONTAINER_SCRUBBING_ENABLED=true
 -  AGENT_DAEMONSET=agent-kind-datadog
 -  DD_CLUSTER_AGENT_COLLECT_KUBERNETES_TAGS=true
 -  DD_LEADER_ELECTION_DEFAULT_RESOURCE=configmap
 -  DD_KUBE_RESOURCES_NAMESPACE=default
 -  DD_ADMISSION_CONTROLLER_MUTATE_UNLABELLED=false
 -  CHART_RELEASE_NAME=agent-kind
 -  DD_LEADER_ELECTION=true
 -  DD_LEADER_LEASE_NAME=agent-kind-datadog-leader-election
 -  CLUSTER_AGENT_DEPLOYMENT=agent-kind-datadog-cluster-agent
 -  DD_APM_INSTRUMENTATION_ENABLED=true
 -  DD_APM_INSTRUMENTATION_ENABLED=true
 -  DD_ADMISSION_CONTROLLER_INJECT_CONFIG_MODE=socket
 -  DD_CLUSTER_NAME=ccdaniele-kind
 -  DD_CLUSTER_AGENT_LANGUAGE_DETECTION_PATCHER_ENABLED=true
 -  DD_ADMISSION_CONTROLLER_INJECT_CONFIG_LOCAL_SERVICE_NAME=agent-kind-datadog
 -  DD_REMOTE_CONFIGURATION_ENABLED=false
 -  DD_LOG_LEVEL=debug
 -  DD_ADMISSION_CONTROLLER_AUTO_INSTRUMENTATION_APPSEC_ENABLED=true
 -  DD_INSTRUMENTATION_INSTALL_ID=b604c97e-9c79-4f9f-a765-fa1aa92811e5
 -  DD_EXTRA_CONFIG_PROVIDERS=kube_endpoints kube_services
 -  DD_EXTRA_LISTENERS=kube_endpoints kube_services
 -  DD_ADMISSION_CONTROLLER_PORT=8000
 -  DD_ADMISSION_CONTROLLER_FAILURE_POLICY=Ignore
 -  DD_HEALTH_PORT=5556
 -  DD_INSTRUMENTATION_INSTALL_TYPE=k8s_manual
 -  DD_INSTRUMENTATION_INSTALL_TIME=1724081755
 -  DD_CLUSTER_AGENT_TOKEN_NAME=agent-kind-datadogtoken
 -  DD_SECRET_BACKEND_COMMAND_ALLOW_GROUP_EXEC_PERM=true
 -  DD_ADMISSION_CONTROLLER_WEBHOOK_NAME=datadog-webhook
 -  DD_CLUSTER_CHECKS_ENABLED=true
 -  DD_ADMISSION_CONTROLLER_AUTO_INSTRUMENTATION_APPSEC_SCA_ENABLED=true
 -  DD_COLLECT_KUBERNETES_EVENTS=true
 -  DD_ADMISSION_CONTROLLER_SERVICE_NAME=agent-kind-datadog-cluster-agent-admission-controller
 -  DD_ORCHESTRATOR_EXPLORER_ENABLED=true
 -  DD_TAGS=env:kind-testing maintainer:daniel_calderon team:nyc-tse valuesyaml:ddkind-values.yaml
 -  DD_ADMISSION_CONTROLLER_ENABLED=true
 -  DD_LANGUAGE_DETECTION_REPORTING_ENABLED=true
 -  DD_LANGUAGE_DETECTION_ENABLED=true
 -  DD_CLUSTER_AGENT_KUBERNETES_SERVICE_NAME=agent-kind-datadog-cluster-agent
 -  DD_ADMISSION_CONTROLLER_AUTO_INSTRUMENTATION_IAST_ENABLED=true