admission_webhooks_certificate_expiry 8759.338748583099
admission_webhooks_reconcile_success{controller="secrets"} 2
admission_webhooks_reconcile_success{controller="webhooks"} 2
aggregator__channel_size{shard="0"} 0
aggregator__dogstatsd_contexts{shard="0"} 0
aggregator__dogstatsd_contexts_by_mtype{metric_type="Count",shard="0"} 0
aggregator__dogstatsd_contexts_bytes_by_mtype{bytes_kind="data",metric_type="Count",shard="0"} 0
aggregator__dogstatsd_contexts_bytes_by_mtype{bytes_kind="struct",metric_type="Count",shard="0"} 0
aggregator__dogstatsd_time_buckets{shard="0"} 0
aggregator__flush{data_type="events",state="ok"} 1
aggregator__flush{data_type="series",state="ok"} 15
aggregator__flush{data_type="service_checks",state="ok"} 7
aggregator__processed{data_type="dogstatsd_metrics",shard="0"} 1
aggregator__processed{data_type="events",shard=""} 1
aggregator__processed{data_type="metrics",shard=""} 579
aggregator__processed{data_type="service_checks",shard=""} 9
aggregator_tags_store__entries{cache_instance_name="aggregator"} 0
aggregator_tags_store__entries{cache_instance_name="timesampler #0"} 0
aggregator_tags_store__hits_total{cache_instance_name="aggregator"} 800
aggregator_tags_store__hits_total{cache_instance_name="timesampler #0"} 0
aggregator_tags_store__max_entries{cache_instance_name="aggregator"} 0
aggregator_tags_store__max_entries{cache_instance_name="timesampler #0"} 0
aggregator_tags_store__miss_total{cache_instance_name="aggregator"} 284
aggregator_tags_store__miss_total{cache_instance_name="timesampler #0"} 2
aggregator_tags_store__tagset_max_tags{cache_instance_name="aggregator"} 0
aggregator_tags_store__tagset_max_tags{cache_instance_name="timesampler #0"} 0
aggregator_tags_store__tagset_min_tags{cache_instance_name="aggregator"} 0
aggregator_tags_store__tagset_min_tags{cache_instance_name="timesampler #0"} 0
aggregator_tags_store__tagset_refs_count{cache_instance_name="aggregator",ge="1"} 0
aggregator_tags_store__tagset_refs_count{cache_instance_name="aggregator",ge="16"} 0
aggregator_tags_store__tagset_refs_count{cache_instance_name="aggregator",ge="2"} 0
aggregator_tags_store__tagset_refs_count{cache_instance_name="aggregator",ge="3"} 0
aggregator_tags_store__tagset_refs_count{cache_instance_name="aggregator",ge="32"} 0
aggregator_tags_store__tagset_refs_count{cache_instance_name="aggregator",ge="4"} 0
aggregator_tags_store__tagset_refs_count{cache_instance_name="aggregator",ge="64"} 0
aggregator_tags_store__tagset_refs_count{cache_instance_name="aggregator",ge="8"} 0
aggregator_tags_store__tagset_refs_count{cache_instance_name="timesampler #0",ge="1"} 0
aggregator_tags_store__tagset_refs_count{cache_instance_name="timesampler #0",ge="16"} 0
aggregator_tags_store__tagset_refs_count{cache_instance_name="timesampler #0",ge="2"} 0
aggregator_tags_store__tagset_refs_count{cache_instance_name="timesampler #0",ge="3"} 0
aggregator_tags_store__tagset_refs_count{cache_instance_name="timesampler #0",ge="32"} 0
aggregator_tags_store__tagset_refs_count{cache_instance_name="timesampler #0",ge="4"} 0
aggregator_tags_store__tagset_refs_count{cache_instance_name="timesampler #0",ge="64"} 0
aggregator_tags_store__tagset_refs_count{cache_instance_name="timesampler #0",ge="8"} 0
aggregator_tags_store__tagset_sum_tags{cache_instance_name="aggregator"} 0
aggregator_tags_store__tagset_sum_tags{cache_instance_name="timesampler #0"} 0
aggregator_tags_store__tagset_sum_tags_bytes{bytes_kind="data",cache_instance_name="aggregator"} 0
aggregator_tags_store__tagset_sum_tags_bytes{bytes_kind="data",cache_instance_name="timesampler #0"} 0
aggregator_tags_store__tagset_sum_tags_bytes{bytes_kind="struct",cache_instance_name="aggregator"} 0
aggregator_tags_store__tagset_sum_tags_bytes{bytes_kind="struct",cache_instance_name="timesampler #0"} 0
api_elapsed_bucket{forwarded="false",handler="getNodeAnnotations",status="200",le="0.005"} 2
api_elapsed_bucket{forwarded="false",handler="getNodeAnnotations",status="200",le="0.01"} 2
api_elapsed_bucket{forwarded="false",handler="getNodeAnnotations",status="200",le="0.025"} 2
api_elapsed_bucket{forwarded="false",handler="getNodeAnnotations",status="200",le="0.05"} 2
api_elapsed_bucket{forwarded="false",handler="getNodeAnnotations",status="200",le="0.1"} 2
api_elapsed_bucket{forwarded="false",handler="getNodeAnnotations",status="200",le="0.25"} 2
api_elapsed_bucket{forwarded="false",handler="getNodeAnnotations",status="200",le="0.5"} 2
api_elapsed_bucket{forwarded="false",handler="getNodeAnnotations",status="200",le="1"} 2
api_elapsed_bucket{forwarded="false",handler="getNodeAnnotations",status="200",le="2.5"} 2
api_elapsed_bucket{forwarded="false",handler="getNodeAnnotations",status="200",le="5"} 2
api_elapsed_bucket{forwarded="false",handler="getNodeAnnotations",status="200",le="10"} 2
api_elapsed_bucket{forwarded="false",handler="getNodeAnnotations",status="200",le="+Inf"} 2
api_elapsed_sum{forwarded="false",handler="getNodeAnnotations",status="200"} 3.8916000000000005e-05
api_elapsed_count{forwarded="false",handler="getNodeAnnotations",status="200"} 2
api_elapsed_bucket{forwarded="false",handler="getNodeLabels",status="200",le="0.005"} 3
api_elapsed_bucket{forwarded="false",handler="getNodeLabels",status="200",le="0.01"} 3
api_elapsed_bucket{forwarded="false",handler="getNodeLabels",status="200",le="0.025"} 3
api_elapsed_bucket{forwarded="false",handler="getNodeLabels",status="200",le="0.05"} 3
api_elapsed_bucket{forwarded="false",handler="getNodeLabels",status="200",le="0.1"} 3
api_elapsed_bucket{forwarded="false",handler="getNodeLabels",status="200",le="0.25"} 3
api_elapsed_bucket{forwarded="false",handler="getNodeLabels",status="200",le="0.5"} 3
api_elapsed_bucket{forwarded="false",handler="getNodeLabels",status="200",le="1"} 3
api_elapsed_bucket{forwarded="false",handler="getNodeLabels",status="200",le="2.5"} 3
api_elapsed_bucket{forwarded="false",handler="getNodeLabels",status="200",le="5"} 3
api_elapsed_bucket{forwarded="false",handler="getNodeLabels",status="200",le="10"} 3
api_elapsed_bucket{forwarded="false",handler="getNodeLabels",status="200",le="+Inf"} 3
api_elapsed_sum{forwarded="false",handler="getNodeLabels",status="200"} 3.6208e-05
api_elapsed_count{forwarded="false",handler="getNodeLabels",status="200"} 3
api_elapsed_bucket{forwarded="false",handler="getPodMetadataForNode",status="200",le="0.005"} 7
api_elapsed_bucket{forwarded="false",handler="getPodMetadataForNode",status="200",le="0.01"} 7
api_elapsed_bucket{forwarded="false",handler="getPodMetadataForNode",status="200",le="0.025"} 7
api_elapsed_bucket{forwarded="false",handler="getPodMetadataForNode",status="200",le="0.05"} 7
api_elapsed_bucket{forwarded="false",handler="getPodMetadataForNode",status="200",le="0.1"} 7
api_elapsed_bucket{forwarded="false",handler="getPodMetadataForNode",status="200",le="0.25"} 7
api_elapsed_bucket{forwarded="false",handler="getPodMetadataForNode",status="200",le="0.5"} 7
api_elapsed_bucket{forwarded="false",handler="getPodMetadataForNode",status="200",le="1"} 7
api_elapsed_bucket{forwarded="false",handler="getPodMetadataForNode",status="200",le="2.5"} 7
api_elapsed_bucket{forwarded="false",handler="getPodMetadataForNode",status="200",le="5"} 7
api_elapsed_bucket{forwarded="false",handler="getPodMetadataForNode",status="200",le="10"} 7
api_elapsed_bucket{forwarded="false",handler="getPodMetadataForNode",status="200",le="+Inf"} 7
api_elapsed_sum{forwarded="false",handler="getPodMetadataForNode",status="200"} 0.00029908299999999996
api_elapsed_count{forwarded="false",handler="getPodMetadataForNode",status="200"} 7
api_elapsed_bucket{forwarded="false",handler="getState",status="200",le="0.005"} 1
api_elapsed_bucket{forwarded="false",handler="getState",status="200",le="0.01"} 1
api_elapsed_bucket{forwarded="false",handler="getState",status="200",le="0.025"} 1
api_elapsed_bucket{forwarded="false",handler="getState",status="200",le="0.05"} 1
api_elapsed_bucket{forwarded="false",handler="getState",status="200",le="0.1"} 1
api_elapsed_bucket{forwarded="false",handler="getState",status="200",le="0.25"} 1
api_elapsed_bucket{forwarded="false",handler="getState",status="200",le="0.5"} 1
api_elapsed_bucket{forwarded="false",handler="getState",status="200",le="1"} 1
api_elapsed_bucket{forwarded="false",handler="getState",status="200",le="2.5"} 1
api_elapsed_bucket{forwarded="false",handler="getState",status="200",le="5"} 1
api_elapsed_bucket{forwarded="false",handler="getState",status="200",le="10"} 1
api_elapsed_bucket{forwarded="false",handler="getState",status="200",le="+Inf"} 1
api_elapsed_sum{forwarded="false",handler="getState",status="200"} 9.0917e-05
api_elapsed_count{forwarded="false",handler="getState",status="200"} 1
api_elapsed_bucket{forwarded="true",handler="getCheckConfigs",status="502",le="0.005"} 0
api_elapsed_bucket{forwarded="true",handler="getCheckConfigs",status="502",le="0.01"} 0
api_elapsed_bucket{forwarded="true",handler="getCheckConfigs",status="502",le="0.025"} 0
api_elapsed_bucket{forwarded="true",handler="getCheckConfigs",status="502",le="0.05"} 0
api_elapsed_bucket{forwarded="true",handler="getCheckConfigs",status="502",le="0.1"} 0
api_elapsed_bucket{forwarded="true",handler="getCheckConfigs",status="502",le="0.25"} 0
api_elapsed_bucket{forwarded="true",handler="getCheckConfigs",status="502",le="0.5"} 0
api_elapsed_bucket{forwarded="true",handler="getCheckConfigs",status="502",le="1"} 0
api_elapsed_bucket{forwarded="true",handler="getCheckConfigs",status="502",le="2.5"} 1
api_elapsed_bucket{forwarded="true",handler="getCheckConfigs",status="502",le="5"} 1
api_elapsed_bucket{forwarded="true",handler="getCheckConfigs",status="502",le="10"} 1
api_elapsed_bucket{forwarded="true",handler="getCheckConfigs",status="502",le="+Inf"} 1
api_elapsed_sum{forwarded="true",handler="getCheckConfigs",status="502"} 1.001619501
api_elapsed_count{forwarded="true",handler="getCheckConfigs",status="502"} 1
api_elapsed_bucket{forwarded="true",handler="getEndpointsConfigs",status="502",le="0.005"} 0
api_elapsed_bucket{forwarded="true",handler="getEndpointsConfigs",status="502",le="0.01"} 0
api_elapsed_bucket{forwarded="true",handler="getEndpointsConfigs",status="502",le="0.025"} 0
api_elapsed_bucket{forwarded="true",handler="getEndpointsConfigs",status="502",le="0.05"} 0
api_elapsed_bucket{forwarded="true",handler="getEndpointsConfigs",status="502",le="0.1"} 0
api_elapsed_bucket{forwarded="true",handler="getEndpointsConfigs",status="502",le="0.25"} 0
api_elapsed_bucket{forwarded="true",handler="getEndpointsConfigs",status="502",le="0.5"} 0
api_elapsed_bucket{forwarded="true",handler="getEndpointsConfigs",status="502",le="1"} 0
api_elapsed_bucket{forwarded="true",handler="getEndpointsConfigs",status="502",le="2.5"} 16
api_elapsed_bucket{forwarded="true",handler="getEndpointsConfigs",status="502",le="5"} 16
api_elapsed_bucket{forwarded="true",handler="getEndpointsConfigs",status="502",le="10"} 16
api_elapsed_bucket{forwarded="true",handler="getEndpointsConfigs",status="502",le="+Inf"} 16
api_elapsed_sum{forwarded="true",handler="getEndpointsConfigs",status="502"} 16.025223092999997
api_elapsed_count{forwarded="true",handler="getEndpointsConfigs",status="502"} 16
api_elapsed_bucket{forwarded="true",handler="postCheckStatus",status="502",le="0.005"} 0
api_elapsed_bucket{forwarded="true",handler="postCheckStatus",status="502",le="0.01"} 0
api_elapsed_bucket{forwarded="true",handler="postCheckStatus",status="502",le="0.025"} 0
api_elapsed_bucket{forwarded="true",handler="postCheckStatus",status="502",le="0.05"} 0
api_elapsed_bucket{forwarded="true",handler="postCheckStatus",status="502",le="0.1"} 0
api_elapsed_bucket{forwarded="true",handler="postCheckStatus",status="502",le="0.25"} 0
api_elapsed_bucket{forwarded="true",handler="postCheckStatus",status="502",le="0.5"} 0
api_elapsed_bucket{forwarded="true",handler="postCheckStatus",status="502",le="1"} 0
api_elapsed_bucket{forwarded="true",handler="postCheckStatus",status="502",le="2.5"} 23
api_elapsed_bucket{forwarded="true",handler="postCheckStatus",status="502",le="5"} 23
api_elapsed_bucket{forwarded="true",handler="postCheckStatus",status="502",le="10"} 23
api_elapsed_bucket{forwarded="true",handler="postCheckStatus",status="502",le="+Inf"} 23
api_elapsed_sum{forwarded="true",handler="postCheckStatus",status="502"} 23.035825885999998
api_elapsed_count{forwarded="true",handler="postCheckStatus",status="502"} 23
api_requests{forwarded="false",handler="getNodeAnnotations",status="200"} 2
api_requests{forwarded="false",handler="getNodeLabels",status="200"} 3
api_requests{forwarded="false",handler="getPodMetadataForNode",status="200"} 7
api_requests{forwarded="false",handler="getState",status="200"} 1
api_requests{forwarded="true",handler="getCheckConfigs",status="502"} 1
api_requests{forwarded="true",handler="getEndpointsConfigs",status="502"} 16
api_requests{forwarded="true",handler="postCheckStatus",status="502"} 23
autodiscovery_errors{provider="file"} 0
autodiscovery_errors{provider="kubernetes-endpoints"} 0
autodiscovery_errors{provider="kubernetes-services"} 0
autodiscovery_poll_duration_bucket{provider="file",le="0.005"} 1
autodiscovery_poll_duration_bucket{provider="file",le="0.01"} 1
autodiscovery_poll_duration_bucket{provider="file",le="0.025"} 1
autodiscovery_poll_duration_bucket{provider="file",le="0.05"} 1
autodiscovery_poll_duration_bucket{provider="file",le="0.1"} 1
autodiscovery_poll_duration_bucket{provider="file",le="0.25"} 1
autodiscovery_poll_duration_bucket{provider="file",le="0.5"} 1
autodiscovery_poll_duration_bucket{provider="file",le="1"} 1
autodiscovery_poll_duration_bucket{provider="file",le="2.5"} 1
autodiscovery_poll_duration_bucket{provider="file",le="5"} 1
autodiscovery_poll_duration_bucket{provider="file",le="10"} 1
autodiscovery_poll_duration_bucket{provider="file",le="+Inf"} 1
autodiscovery_poll_duration_sum{provider="file"} 1.3958e-05
autodiscovery_poll_duration_count{provider="file"} 1
autodiscovery_poll_duration_bucket{provider="kubernetes-endpoints",le="0.005"} 1
autodiscovery_poll_duration_bucket{provider="kubernetes-endpoints",le="0.01"} 1
autodiscovery_poll_duration_bucket{provider="kubernetes-endpoints",le="0.025"} 1
autodiscovery_poll_duration_bucket{provider="kubernetes-endpoints",le="0.05"} 1
autodiscovery_poll_duration_bucket{provider="kubernetes-endpoints",le="0.1"} 1
autodiscovery_poll_duration_bucket{provider="kubernetes-endpoints",le="0.25"} 1
autodiscovery_poll_duration_bucket{provider="kubernetes-endpoints",le="0.5"} 1
autodiscovery_poll_duration_bucket{provider="kubernetes-endpoints",le="1"} 1
autodiscovery_poll_duration_bucket{provider="kubernetes-endpoints",le="2.5"} 1
autodiscovery_poll_duration_bucket{provider="kubernetes-endpoints",le="5"} 1
autodiscovery_poll_duration_bucket{provider="kubernetes-endpoints",le="10"} 1
autodiscovery_poll_duration_bucket{provider="kubernetes-endpoints",le="+Inf"} 1
autodiscovery_poll_duration_sum{provider="kubernetes-endpoints"} 1.1208e-05
autodiscovery_poll_duration_count{provider="kubernetes-endpoints"} 1
autodiscovery_poll_duration_bucket{provider="kubernetes-services",le="0.005"} 1
autodiscovery_poll_duration_bucket{provider="kubernetes-services",le="0.01"} 1
autodiscovery_poll_duration_bucket{provider="kubernetes-services",le="0.025"} 1
autodiscovery_poll_duration_bucket{provider="kubernetes-services",le="0.05"} 1
autodiscovery_poll_duration_bucket{provider="kubernetes-services",le="0.1"} 1
autodiscovery_poll_duration_bucket{provider="kubernetes-services",le="0.25"} 1
autodiscovery_poll_duration_bucket{provider="kubernetes-services",le="0.5"} 1
autodiscovery_poll_duration_bucket{provider="kubernetes-services",le="1"} 1
autodiscovery_poll_duration_bucket{provider="kubernetes-services",le="2.5"} 1
autodiscovery_poll_duration_bucket{provider="kubernetes-services",le="5"} 1
autodiscovery_poll_duration_bucket{provider="kubernetes-services",le="10"} 1
autodiscovery_poll_duration_bucket{provider="kubernetes-services",le="+Inf"} 1
autodiscovery_poll_duration_sum{provider="kubernetes-services"} 7.541e-06
autodiscovery_poll_duration_count{provider="kubernetes-services"} 1
autodiscovery_scheduled_configs{provider="file",type="check"} 3
autodiscovery_watched_resources{kind="k8s_endpoint",listener="kube_endpoints"} 4
autodiscovery_watched_resources{kind="k8s_service",listener="kube_endpoints"} 2
autodiscovery_watched_resources{kind="k8s_service",listener="kube_services"} 2
check_metrics__active_metrics{stateful="false"} 0
check_metrics__active_metrics{stateful="sum"} 0
check_metrics__active_metrics{stateful="true"} 0
check_metrics__created_total{stateful="false"} 542
check_metrics__created_total{stateful="sum"} 542
check_metrics__created_total{stateful="true"} 0
check_metrics__expired_total{stateful="false"} 0
check_metrics__expired_total{stateful="sum"} 0
check_metrics__expired_total{stateful="true"} 0
check_metrics__removed_total{stateful="false"} 0
check_metrics__removed_total{stateful="sum"} 0
check_metrics__removed_total{stateful="true"} 0
check_metrics__total_metrics{stateful="false"} 0
check_metrics__total_metrics{stateful="sum"} 0
check_metrics__total_metrics{stateful="true"} 0
check_metrics__waiting_metrics{stateful="false"} 0
check_metrics__waiting_metrics{stateful="sum"} 0
check_metrics__waiting_metrics{stateful="true"} 0
collector__worker_utilization{worker_name="worker_1"} 0.0029848688279825847
collector__worker_utilization{worker_name="worker_2"} 0.0029761001286702474
collector__worker_utilization{worker_name="worker_3"} 1.7628067578125e-05
collector__worker_utilization{worker_name="worker_4"} 1.6614126440429687e-05
compressor__bytes_in 4024
compressor__bytes_out 2592
compressor__total_payloads 15
dogstatsd__processed{message_type="metrics",origin="",state="error"} 0
dogstatsd__processed{message_type="metrics",origin="",state="ok"} 0
dogstatsd__string_interner_new 0
dogstatsd__string_interner_str_bytes_bucket{le="1"} 0
dogstatsd__string_interner_str_bytes_bucket{le="2"} 0
dogstatsd__string_interner_str_bytes_bucket{le="4"} 0
dogstatsd__string_interner_str_bytes_bucket{le="8"} 0
dogstatsd__string_interner_str_bytes_bucket{le="16"} 0
dogstatsd__string_interner_str_bytes_bucket{le="32"} 0
dogstatsd__string_interner_str_bytes_bucket{le="64"} 0
dogstatsd__string_interner_str_bytes_bucket{le="128"} 0
dogstatsd__string_interner_str_bytes_bucket{le="+Inf"} 0
dogstatsd__string_interner_str_bytes_sum 0
dogstatsd__string_interner_str_bytes_count 0
go_gc_cycles_automatic_gc_cycles_total 9
go_gc_cycles_forced_gc_cycles_total 0
go_gc_cycles_total_gc_cycles_total 9
go_gc_duration_seconds{quantile="0"} 1.8875e-05
go_gc_duration_seconds{quantile="0.25"} 5.3334e-05
go_gc_duration_seconds{quantile="0.5"} 7.4416e-05
go_gc_duration_seconds{quantile="0.75"} 0.000623208
go_gc_duration_seconds{quantile="1"} 0.001599417
go_gc_duration_seconds_sum 0.00341175
go_gc_duration_seconds_count 9
go_gc_gogc_percent 100
go_gc_gomemlimit_bytes 9.223372036854776e+18
go_gc_heap_allocs_by_size_bytes_bucket{le="8.999999999999998"} 26534
go_gc_heap_allocs_by_size_bytes_bucket{le="24.999999999999996"} 479964
go_gc_heap_allocs_by_size_bytes_bucket{le="64.99999999999999"} 796650
go_gc_heap_allocs_by_size_bytes_bucket{le="144.99999999999997"} 894681
go_gc_heap_allocs_by_size_bytes_bucket{le="320.99999999999994"} 939035
go_gc_heap_allocs_by_size_bytes_bucket{le="704.9999999999999"} 949763
go_gc_heap_allocs_by_size_bytes_bucket{le="1536.9999999999998"} 955964
go_gc_heap_allocs_by_size_bytes_bucket{le="3200.9999999999995"} 957696
go_gc_heap_allocs_by_size_bytes_bucket{le="6528.999999999999"} 959466
go_gc_heap_allocs_by_size_bytes_bucket{le="13568.999999999998"} 960126
go_gc_heap_allocs_by_size_bytes_bucket{le="27264.999999999996"} 960512
go_gc_heap_allocs_by_size_bytes_bucket{le="+Inf"} 960968
go_gc_heap_allocs_by_size_bytes_sum 1.31379928e+08
go_gc_heap_allocs_by_size_bytes_count 960968
go_gc_heap_allocs_bytes_total 1.31379928e+08
go_gc_heap_allocs_objects_total 960968
go_gc_heap_frees_by_size_bytes_bucket{le="8.999999999999998"} 19900
go_gc_heap_frees_by_size_bytes_bucket{le="24.999999999999996"} 402233
go_gc_heap_frees_by_size_bytes_bucket{le="64.99999999999999"} 672714
go_gc_heap_frees_by_size_bytes_bucket{le="144.99999999999997"} 755966
go_gc_heap_frees_by_size_bytes_bucket{le="320.99999999999994"} 791482
go_gc_heap_frees_by_size_bytes_bucket{le="704.9999999999999"} 799468
go_gc_heap_frees_by_size_bytes_bucket{le="1536.9999999999998"} 804188
go_gc_heap_frees_by_size_bytes_bucket{le="3200.9999999999995"} 805449
go_gc_heap_frees_by_size_bytes_bucket{le="6528.999999999999"} 806927
go_gc_heap_frees_by_size_bytes_bucket{le="13568.999999999998"} 807466
go_gc_heap_frees_by_size_bytes_bucket{le="27264.999999999996"} 807766
go_gc_heap_frees_by_size_bytes_bucket{le="+Inf"} 808115
go_gc_heap_frees_by_size_bytes_sum 1.0540264e+08
go_gc_heap_frees_by_size_bytes_count 808115
go_gc_heap_frees_bytes_total 1.0540264e+08
go_gc_heap_frees_objects_total 808115
go_gc_heap_goal_bytes 4.6654928e+07
go_gc_heap_live_bytes 1.9989136e+07
go_gc_heap_objects_objects 152853
go_gc_heap_tiny_allocs_objects_total 69590
go_gc_limiter_last_enabled_gc_cycle 0
go_gc_pauses_seconds_bucket{le="6.399999999999999e-08"} 0
go_gc_pauses_seconds_bucket{le="6.399999999999999e-07"} 0
go_gc_pauses_seconds_bucket{le="7.167999999999999e-06"} 2
go_gc_pauses_seconds_bucket{le="8.191999999999999e-05"} 14
go_gc_pauses_seconds_bucket{le="0.0009175039999999999"} 17
go_gc_pauses_seconds_bucket{le="0.010485759999999998"} 18
go_gc_pauses_seconds_bucket{le="0.11744051199999998"} 18
go_gc_pauses_seconds_bucket{le="+Inf"} 18
go_gc_pauses_seconds_sum 0.00125056
go_gc_pauses_seconds_count 18
go_gc_scan_globals_bytes 6.197536e+06
go_gc_scan_heap_bytes 1.5100944e+07
go_gc_scan_stack_bytes 479120
go_gc_scan_total_bytes 2.17776e+07
go_gc_stack_starting_size_bytes 4096
go_goroutines 412
go_info{version="go1.21.11"} 1
go_memory_classes_heap_free_bytes 1.4229504e+07
go_memory_classes_heap_objects_bytes 2.5977288e+07
go_memory_classes_heap_released_bytes 1.417216e+06
go_memory_classes_heap_stacks_bytes 3.178496e+06
go_memory_classes_heap_unused_bytes 9.723448e+06
go_memory_classes_metadata_mcache_free_bytes 1200
go_memory_classes_metadata_mcache_inuse_bytes 14400
go_memory_classes_metadata_mspan_free_bytes 112896
go_memory_classes_metadata_mspan_inuse_bytes 571536
go_memory_classes_metadata_other_bytes 5.266544e+06
go_memory_classes_os_stacks_bytes 0
go_memory_classes_other_bytes 2.130256e+06
go_memory_classes_profiling_buckets_bytes 1.601711e+06
go_memory_classes_total_bytes 6.4224495e+07
go_memstats_alloc_bytes 2.5977288e+07
go_memstats_alloc_bytes_total 1.31379928e+08
go_memstats_buck_hash_sys_bytes 1.601711e+06
go_memstats_frees_total 877705
go_memstats_gc_sys_bytes 5.266544e+06
go_memstats_heap_alloc_bytes 2.5977288e+07
go_memstats_heap_idle_bytes 1.564672e+07
go_memstats_heap_inuse_bytes 3.5700736e+07
go_memstats_heap_objects 152853
go_memstats_heap_released_bytes 1.417216e+06
go_memstats_heap_sys_bytes 5.1347456e+07
go_memstats_last_gc_time_seconds 1.7240818752930899e+09
go_memstats_lookups_total 0
go_memstats_mallocs_total 1.030558e+06
go_memstats_mcache_inuse_bytes 14400
go_memstats_mcache_sys_bytes 15600
go_memstats_mspan_inuse_bytes 571536
go_memstats_mspan_sys_bytes 684432
go_memstats_next_gc_bytes 4.6654928e+07
go_memstats_other_sys_bytes 2.130256e+06
go_memstats_stack_inuse_bytes 3.178496e+06
go_memstats_stack_sys_bytes 3.178496e+06
go_memstats_sys_bytes 6.4224495e+07
go_sched_gomaxprocs_threads 12
go_sched_goroutines_goroutines 412
go_sched_latencies_seconds_bucket{le="6.399999999999999e-08"} 1100
go_sched_latencies_seconds_bucket{le="6.399999999999999e-07"} 1293
go_sched_latencies_seconds_bucket{le="7.167999999999999e-06"} 1542
go_sched_latencies_seconds_bucket{le="8.191999999999999e-05"} 2106
go_sched_latencies_seconds_bucket{le="0.0009175039999999999"} 2220
go_sched_latencies_seconds_bucket{le="0.010485759999999998"} 2222
go_sched_latencies_seconds_bucket{le="0.11744051199999998"} 2222
go_sched_latencies_seconds_bucket{le="+Inf"} 2222
go_sched_latencies_seconds_sum 0.015388352000000001
go_sched_latencies_seconds_count 2222
go_threads 19
jsonstream__blocked_time 299959
jsonstream__blocking_goroutines 0
jsonstream__serialization_time 2.443918e+06
jsonstream__total_calls 8
jsonstream__total_items 8
language_detection_patcher_queue_longest_running_processor 0
language_detection_patcher_queue_unfinished_work 0
leader_election_is_leader{is_leader="true",join_leader="true"} 1
no_aggregation__flush 0
no_aggregation__processed{state="ok"} 0
no_aggregation__processed{state="unsupported_type"} 0
orchestrator__cache_misses{orchestrator="k8s",resource="cluster"} 1
orchestrator__cache_misses{orchestrator="k8s",resource="clusterrole"} 71
orchestrator__cache_misses{orchestrator="k8s",resource="clusterrolebinding"} 57
orchestrator__cache_misses{orchestrator="k8s",resource="daemonset"} 3
orchestrator__cache_misses{orchestrator="k8s",resource="deployment"} 3
orchestrator__cache_misses{orchestrator="k8s",resource="namespace"} 5
orchestrator__cache_misses{orchestrator="k8s",resource="node"} 3
orchestrator__cache_misses{orchestrator="k8s",resource="replicaset"} 5
orchestrator__cache_misses{orchestrator="k8s",resource="role"} 13
orchestrator__cache_misses{orchestrator="k8s",resource="rolebinding"} 13
orchestrator__cache_misses{orchestrator="k8s",resource="service"} 5
orchestrator__cache_misses{orchestrator="k8s",resource="serviceaccount"} 45
orchestrator__manifest_buffered{orchestrator="k8s",resource="clusterrole"} 71
orchestrator__manifest_buffered{orchestrator="k8s",resource="clusterrolebinding"} 57
orchestrator__manifest_buffered{orchestrator="k8s",resource="daemonset"} 3
orchestrator__manifest_buffered{orchestrator="k8s",resource="deployment"} 3
orchestrator__manifest_buffered{orchestrator="k8s",resource="namespace"} 5
orchestrator__manifest_buffered{orchestrator="k8s",resource="node"} 3
orchestrator__manifest_buffered{orchestrator="k8s",resource="replicaset"} 5
orchestrator__manifest_buffered{orchestrator="k8s",resource="role"} 13
orchestrator__manifest_buffered{orchestrator="k8s",resource="rolebinding"} 13
orchestrator__manifest_buffered{orchestrator="k8s",resource="service"} 5
orchestrator__manifest_buffered{orchestrator="k8s",resource="serviceaccount"} 45
orchestrator__manifest_flushed 223
orchestrator__manifest_flushed_total 3
process__payloads_bytes_in{type="type:cluster"} 357
process__payloads_bytes_in{type="type:cluster-role"} 37542
process__payloads_bytes_in{type="type:cluster-role-binding"} 17956
process__payloads_bytes_in{type="type:daemon-set"} 1137
process__payloads_bytes_in{type="type:deployment"} 2043
process__payloads_bytes_in{type="type:namespace"} 722
process__payloads_bytes_in{type="type:node"} 7789
process__payloads_bytes_in{type="type:replica-set"} 3356
process__payloads_bytes_in{type="type:role"} 3304
process__payloads_bytes_in{type="type:role-binding"} 4561
process__payloads_bytes_in{type="type:service"} 2191
process__payloads_bytes_in{type="type:service-account"} 4726
process__payloads_bytes_out{type="type:cluster"} 256
process__payloads_bytes_out{type="type:cluster-role"} 6958
process__payloads_bytes_out{type="type:cluster-role-binding"} 3809
process__payloads_bytes_out{type="type:daemon-set"} 673
process__payloads_bytes_out{type="type:deployment"} 944
process__payloads_bytes_out{type="type:namespace"} 439
process__payloads_bytes_out{type="type:node"} 1705
process__payloads_bytes_out{type="type:replica-set"} 1027
process__payloads_bytes_out{type="type:role"} 1213
process__payloads_bytes_out{type="type:role-binding"} 1294
process__payloads_bytes_out{type="type:service"} 930
process__payloads_bytes_out{type="type:service-account"} 2189
process_cpu_seconds_total 1.09
process_max_fds 1.048576e+06
process_open_fds 29
process_resident_memory_bytes 1.44785408e+08
process_start_time_seconds 1.72408175707e+09
process_virtual_memory_bytes 2.674049024e+09
process_virtual_memory_max_bytes 1.8446744073709552e+19
tagger_pruned_entities 3
tagger_queries{cardinality="high",status="empty_entity_id"} 0
tagger_queries{cardinality="high",status="empty_tags"} 0
tagger_queries{cardinality="high",status="success"} 0
tagger_queries{cardinality="low",status="empty_entity_id"} 40
tagger_queries{cardinality="low",status="empty_tags"} 0
tagger_queries{cardinality="low",status="success"} 609
tagger_queries{cardinality="orchestrator",status="empty_entity_id"} 0
tagger_queries{cardinality="orchestrator",status="empty_tags"} 0
tagger_queries{cardinality="orchestrator",status="success"} 0
tagger_queries{cardinality="unknown",status="empty_entity_id"} 0
tagger_queries{cardinality="unknown",status="empty_tags"} 0
tagger_queries{cardinality="unknown",status="success"} 0
tagger_stored_entities{prefix="internal",source="workloadmeta-static"} 1
tagger_stored_entities{prefix="kubernetes_pod_uid",source="workloadmeta-kubernetes_pod"} 18
tagger_updated_entities 32
target_info{service_name="unknown_service:datadog-cluster-agent",telemetry_sdk_language="go",telemetry_sdk_name="opentelemetry",telemetry_sdk_version="1.27.0"} 1
transaction_container__current_mem_size_in_bytes{domain="https://7-55-2-app.agent.datadoghq.com"} 0
transaction_container__current_mem_size_in_bytes{domain="https://orchestrator.datadoghq.com"} 0
transaction_container__transactions_count{domain="https://7-55-2-app.agent.datadoghq.com"} 0
transaction_container__transactions_count{domain="https://orchestrator.datadoghq.com"} 0
transactions__connection_events{connection_event_type="connection_success"} 2
transactions__connection_events{connection_event_type="dns_lookup_success"} 2
transactions__input_bytes{domain="https://7-55-2-app.agent.datadoghq.com",endpoint="check_run_v1"} 983
transactions__input_bytes{domain="https://7-55-2-app.agent.datadoghq.com",endpoint="intake"} 216
transactions__input_bytes{domain="https://7-55-2-app.agent.datadoghq.com",endpoint="series_v2"} 1393
transactions__input_bytes{domain="https://orchestrator.datadoghq.com",endpoint="orchestrator"} 21437
transactions__input_count{domain="https://7-55-2-app.agent.datadoghq.com",endpoint="check_run_v1"} 7
transactions__input_count{domain="https://7-55-2-app.agent.datadoghq.com",endpoint="intake"} 1
transactions__input_count{domain="https://7-55-2-app.agent.datadoghq.com",endpoint="series_v2"} 7
transactions__input_count{domain="https://orchestrator.datadoghq.com",endpoint="orchestrator"} 12
transactions__retry_queue_size{domain="https://7-55-2-app.agent.datadoghq.com"} 0
transactions__retry_queue_size{domain="https://orchestrator.datadoghq.com"} 0
transactions__success{domain="https://7-55-2-app.agent.datadoghq.com",endpoint="check_run_v1"} 7
transactions__success{domain="https://7-55-2-app.agent.datadoghq.com",endpoint="intake"} 1
transactions__success{domain="https://7-55-2-app.agent.datadoghq.com",endpoint="series_v2"} 7
transactions__success{domain="https://orchestrator.datadoghq.com",endpoint="orchestrator"} 12
transactions__success_bytes{domain="https://7-55-2-app.agent.datadoghq.com",endpoint="check_run_v1"} 983
transactions__success_bytes{domain="https://7-55-2-app.agent.datadoghq.com",endpoint="intake"} 216
transactions__success_bytes{domain="https://7-55-2-app.agent.datadoghq.com",endpoint="series_v2"} 1393
transactions__success_bytes{domain="https://orchestrator.datadoghq.com",endpoint="orchestrator"} 21437
workloadmeta_events_received{kind="kubernetes_deployment",source="kubeapiserver"} 5
workloadmeta_events_received{kind="kubernetes_node",source="kubeapiserver"} 4
workloadmeta_events_received{kind="kubernetes_pod",source="kubeapiserver"} 41
workloadmeta_notifications_sent{status="success",subscriber_name="tagger-workloadmeta"} 16
workloadmeta_pull_duration_bucket{collector_id="kubeapiserver",le="0.25"} 23
workloadmeta_pull_duration_bucket{collector_id="kubeapiserver",le="0.5"} 23
workloadmeta_pull_duration_bucket{collector_id="kubeapiserver",le="0.75"} 23
workloadmeta_pull_duration_bucket{collector_id="kubeapiserver",le="1"} 23
workloadmeta_pull_duration_bucket{collector_id="kubeapiserver",le="2"} 23
workloadmeta_pull_duration_bucket{collector_id="kubeapiserver",le="5"} 23
workloadmeta_pull_duration_bucket{collector_id="kubeapiserver",le="10"} 23
workloadmeta_pull_duration_bucket{collector_id="kubeapiserver",le="15"} 23
workloadmeta_pull_duration_bucket{collector_id="kubeapiserver",le="30"} 23
workloadmeta_pull_duration_bucket{collector_id="kubeapiserver",le="45"} 23
workloadmeta_pull_duration_bucket{collector_id="kubeapiserver",le="60"} 23
workloadmeta_pull_duration_bucket{collector_id="kubeapiserver",le="+Inf"} 23
workloadmeta_pull_duration_sum{collector_id="kubeapiserver"} 0.00067875
workloadmeta_pull_duration_count{collector_id="kubeapiserver"} 23
workloadmeta_stored_entities{kind="kubernetes_deployment",source="kubeapiserver"} 3
workloadmeta_stored_entities{kind="kubernetes_node",source="kubeapiserver"} 3
workloadmeta_stored_entities{kind="kubernetes_pod",source="kubeapiserver"} 16
workloadmeta_subscribers 4