Found the following envvars:
 -  DD_PYTHON_VERSION=3
 -  DD_SECRET_BACKEND_COMMAND_ALLOW_GROUP_EXEC_PERM=true
 -  DD_LANGUAGE_DETECTION_ENABLED=true
 -  DD_PROCESS_CONFIG_PROCESS_COLLECTION_ENABLED=true
 -  DD_PROCESS_AGENT_DISCOVERY_ENABLED=true
 -  DD_DOGSTATSD_TAG_CARDINALITY=low
 -  DD_CONTAINER_IMAGE_ENABLED=true
 -  DD_CLUSTER_NAME=ccdaniele-kind
 -  DD_TAGS=env:kind-testing maintainer:daniel_calderon team:nyc-tse valuesyaml:ddkind-values.yaml
 -  DD_DOGSTATSD_PORT=8125
 -  DD_APM_ENABLED=true
 -  DD_APM_ENABLED=true
 -  HOST_ROOT=/host
 -  DD_DOGSTATSD_SOCKET=/var/run/datadog/dsd.socket
 -  DD_KUBERNETES_KUBELET_HOST=172.18.0.4
 -  DD_OTLP_CONFIG_LOGS_ENABLED=false
 -  DD_CLUSTER_AGENT_ENABLED=true
 -  DD_LOGS_CONFIG_CONTAINER_COLLECT_ALL=true
 -  DD_LOGS_CONFIG_AUTO_MULTI_LINE_DETECTION=false
 -  DD_SBOM_HOST_ENABLED=true
 -  DD_KUBELET_CORE_CHECK_ENABLED=true
 -  DD_KUBERNETES_POD_LABELS_AS_TAGS={"service":"pdcomponent"}
 -  DD_KUBELET_TLS_VERIFY=false
 -  DD_PROCESS_CONFIG_RUN_IN_CORE_AGENT_ENABLED=true
 -  DD_HEALTH_PORT=5555
 -  DD_IGNORE_AUTOCONF=kubernetes_state
 -  DD_DOGSTATSD_NON_LOCAL_TRAFFIC=true
 -  DD_EXTRA_CONFIG_PROVIDERS=clusterchecks endpointschecks
 -  DD_ORCHESTRATOR_EXPLORER_ENABLED=true
 -  DD_COMPLIANCE_CONFIG_ENABLED=true
 -  DD_SBOM_CONTAINER_IMAGE_ENABLED=true
 -  DD_KUBERNETES_NAMESPACE_LABELS_AS_TAGS={"kubernetes.io/metadata.app":"pdapp","kubernetes.io/metadata.name":"pdnamespace"}
 -  DD_LOG_LEVEL=debug
 -  DD_LOGS_ENABLED=true
 -  DD_LOGS_CONFIG_K8S_CONTAINER_USE_FILE=true
 -  DD_SBOM_ENABLED=true
 -  DD_REMOTE_CONFIGURATION_ENABLED=true
 -  DD_LANGUAGE_DETECTION_REPORTING_ENABLED=true
 -  DD_PROCESS_CONFIG_CONTAINER_COLLECTION_ENABLED=true
 -  DD_STRIP_PROCESS_ARGS=false
 -  DD_STRIP_PROCESS_ARGS=false
 -  DD_CLUSTER_AGENT_KUBERNETES_SERVICE_NAME=kind-datadog-cluster-agent
 -  DD_CONTAINER_LIFECYCLE_ENABLED=true
 -  DD_EXPVAR_PORT=6000
 -  HOST_PROC=/host/proc
 -  HOST_ETC=/host/etc