File path                                          | mode  | owner      | group      | error     |
---------------------------------------------------------------------------------------------------
/opt/datadog-agent/embedded/share/system-probe/ebpf/tracer-debug.o | -rw-r--r-- | root       | root       |           |
/etc/datadog-agent/conf.d/kubelet.d/conf.yaml.default | -rw-r--r-- | root       | root       |           |
/etc/datadog-agent/conf.d/snmp.d/default_profiles/_juniper-firewall.yaml | -rw-r--r-- | root       | root       |           |
/etc/datadog-agent/conf.d/snmp.d/default_profiles/a10-thunder.yaml | -rw-r--r-- | root       | root       |           |
/etc/datadog-agent/conf.d/snmp.d/default_profiles/chrysalis-luna-hsm.yaml | -rw-r--r-- | root       | root       |           |
/etc/datadog-agent/conf.d/snmp.d/default_profiles/netapp.yaml | -rw-r--r-- | root       | root       |           |
/etc/datadog-agent/conf.d/snmp.d/default_profiles/tripplite-pdu.yaml | -rw-r--r-- | root       | root       |           |
/opt/datadog-agent/embedded/share/system-probe/ebpf/COPYING | -rw-r--r-- | root       | root       |           |
/etc/datadog-agent/conf.d/snmp.d/default_profiles/ubiquiti-unifi-security-gateway.yaml | -rw-r--r-- | root       | root       |           |
/etc/datadog-agent/conf.d/datadog_cluster_agent.d/auto_conf.yaml | -rw-r--r-- | root       | root       |           |
/etc/datadog-agent/conf.d/snmp.d/default_profiles/alcatel-lucent-ent.yaml | -rw-r--r-- | root       | root       |           |
/etc/datadog-agent/conf.d/snmp.d/default_profiles/avaya.yaml | -rw-r--r-- | root       | root       |           |
/etc/datadog-agent/conf.d/snmp.d/default_profiles/bluecat-server.yaml | -rw-r--r-- | root       | root       |           |
/etc/datadog-agent/conf.d/snmp.d/default_profiles/chatsworth_pdu.yaml | -rw-r--r-- | root       | root       |           |
/etc/datadog-agent/conf.d/apache.d/auto_conf.yaml  | -rw-r--r-- | root       | root       |           |
/opt/datadog-agent/embedded/share/system-probe/ebpf/co-re/tracer-fentry.o | -rw-r--r-- | root       | root       |           |
/etc/datadog-agent/conf.d/snmp.d/default_profiles/a10.yaml | -rw-r--r-- | root       | root       |           |
/etc/datadog-agent/conf.d/snmp.d/default_profiles/checkpoint-firewall.yaml | -rw-r--r-- | root       | root       |           |
/etc/datadog-agent/conf.d/snmp.d/default_profiles/cisco-catalyst-wlc.yaml | -rw-r--r-- | root       | root       |           |
/etc/datadog-agent/conf.d/snmp.d/default_profiles/f5-big-ip.yaml | -rw-r--r-- | root       | root       |           |
/etc/datadog-agent/auth/token                      | -rw------- | root       | root       |           |
/etc/datadog-agent/conf.d/snmp.d/default_profiles/palo-alto.yaml | -rw-r--r-- | root       | root       |           |
/etc/datadog-agent/conf.d/snmp.d/default_profiles/raritan-dominion.yaml | -rw-r--r-- | root       | root       |           |
/etc/datadog-agent/conf.d/snmp.d/default_profiles/servertech-pdu4.yaml | -rw-r--r-- | root       | root       |           |
/etc/datadog-agent/conf.d/snmp.d/default_profiles/_generic-sip.yaml | -rw-r--r-- | root       | root       |           |
/etc/datadog-agent/conf.d/cert_manager.d/auto_conf.yaml | -rw-r--r-- | root       | root       |           |
/etc/datadog-agent/conf.d/cri.d/conf.yaml.default  | -rw-r--r-- | root       | root       |           |
/etc/datadog-agent/conf.d/snmp.d/default_profiles/avaya-cajun-switch.yaml | -rw-r--r-- | root       | root       |           |
/etc/datadog-agent/conf.d/snmp.d/default_profiles/barracuda-cloudgen.yaml | -rw-r--r-- | root       | root       |           |
/etc/datadog-agent/conf.d/snmp.d/default_profiles/cradlepoint.yaml | -rw-r--r-- | root       | root       |           |
/etc/datadog-agent/conf.d/snmp.d/default_profiles/dell-emc-data-domain.yaml | -rw-r--r-- | root       | root       |           |
/etc/datadog-agent/conf.d/snmp.d/default_profiles/dell-force10.yaml | -rw-r--r-- | root       | root       |           |
/opt/datadog-agent/embedded/share/system-probe/ebpf/co-re/conntrack.o | -rw-r--r-- | root       | root       |           |
/etc/datadog-agent/conf.d/snmp.d/default_profiles/servertech-pdu3.yaml | -rw-r--r-- | root       | root       |           |
/etc/datadog-agent/conf.d/snmp.d/default_profiles/_generic-router-udp.yaml | -rw-r--r-- | root       | root       |           |
/etc/datadog-agent/conf.d/snmp.d/default_profiles/fortinet-fortiswitch.yaml | -rw-r--r-- | root       | root       |           |
/etc/datadog-agent/conf.d/snmp.d/default_profiles/juniper-srx.yaml | -rw-r--r-- | root       | root       |           |
/etc/datadog-agent/conf.d/container.d/conf.yaml.default | -rw-r--r-- | root       | root       |           |
/opt/datadog-agent/embedded/share/system-probe/ebpf/runtime-security-syscall-wrapper.o | -rw-r--r-- | root       | root       |           |
/etc/datadog-agent/conf.d/activemq.d/metrics.yaml  | -rw-r--r-- | root       | root       |           |
/etc/datadog-agent/conf.d/containerd.d/conf.yaml.default | -rw-r--r-- | root       | root       |           |
/etc/datadog-agent/conf.d/ignite.d/metrics.yaml    | -rw-r--r-- | root       | root       |           |
/etc/datadog-agent/conf.d/snmp.d/default_profiles/_base.yaml | -rw-r--r-- | root       | root       |           |
/etc/datadog-agent/conf.d/snmp.d/default_profiles/_generic-if.yaml | -rw-r--r-- | root       | root       |           |
/etc/datadog-agent/conf.d/snmp.d/default_profiles/nvidia-cumulus-linux-switch.yaml | -rw-r--r-- | root       | root       |           |
/opt/datadog-agent/embedded/share/system-probe/ebpf | drwxr-xr-x | root       | root       |           |
/etc/datadog-agent/conf.d/snmp.d/default_profiles/ubiquiti-unifi.yaml | -rw-r--r-- | root       | root       |           |
/opt/datadog-agent/bin/agent/dist/conf.d           |       |            |            | could not stat file /opt/datadog-agent/bin/agent/dist/conf.d: stat /opt/datadog-agent/bin/agent/dist/conf.d: no such file or directory|
/etc/datadog-agent/conf.d/snmp.d/default_profiles/_generic-host-cpu-memory.yaml | -rw-r--r-- | root       | root       |           |
/etc/datadog-agent/conf.d/snmp.d/default_profiles/cisco-asr.yaml | -rw-r--r-- | root       | root       |           |
/etc/datadog-agent/conf.d/snmp.d/default_profiles/cisco-csr1000v.yaml | -rw-r--r-- | root       | root       |           |
/etc/datadog-agent/conf.d/snmp.d/default_profiles/hp-ilo4.yaml | -rw-r--r-- | root       | root       |           |
/etc/datadog-agent/conf.d/snmp.d/default_profiles/ixsystems-truenas.yaml | -rw-r--r-- | root       | root       |           |
/etc/datadog-agent/conf.d/snmp.d/default_profiles/server-iron-switch.yaml | -rw-r--r-- | root       | root       |           |
/opt/datadog-agent/embedded/share/system-probe/ebpf/runtime | drwxr-xr-x | root       | root       |           |
/etc/datadog-agent/security-agent.yaml             |       |            |            | could not stat file /etc/datadog-agent/security-agent.yaml: stat /etc/datadog-agent/security-agent.yaml: no such file or directory|
/etc/datadog-agent/conf.d/uptime.d/conf.yaml.default | -rw-r--r-- | root       | root       |           |
/opt/datadog-agent/embedded/share/system-probe/ebpf/runtime/runtime-security.c | -rw-r--r-- | root       | root       |           |
/etc/datadog-agent/conf.d/snmp.d/default_profiles/_cisco-cpu-memory.yaml | -rw-r--r-- | root       | root       |           |
/etc/datadog-agent/conf.d/snmp.d/default_profiles/exagrid.yaml | -rw-r--r-- | root       | root       |           |
/etc/datadog-agent/conf.d/snmp.d/default_profiles/mcafee-web-gateway.yaml | -rw-r--r-- | root       | root       |           |
/etc/datadog-agent/conf.d/snmp.d/default_profiles/riverbed.yaml | -rw-r--r-- | root       | root       |           |
/etc/datadog-agent/conf.d/snmp.d/default_profiles/tripplite-ups.yaml | -rw-r--r-- | root       | root       |           |
/etc/datadog-agent/conf.d/snmp.d/default_profiles/velocloud-edge.yaml | -rw-r--r-- | root       | root       |           |
/opt/datadog-agent/embedded/share/system-probe/ebpf/runtime/conntrack.c | -rw-r--r-- | root       | root       |           |
/etc/datadog-agent/conf.d/kube_scheduler.d/auto_conf.yaml | -rw-r--r-- | root       | root       |           |
/etc/datadog-agent/conf.d/snmp.d/default_profiles/_juniper-dcu.yaml | -rw-r--r-- | root       | root       |           |
/etc/datadog-agent/conf.d/snmp.d/default_profiles/watchguard.yaml | -rw-r--r-- | root       | root       |           |
/etc/datadog-agent/conf.d/tomcat.d/auto_conf.yaml  | -rw-r--r-- | root       | root       |           |
/opt/datadog-agent/embedded/share/system-probe/ebpf/runtime/tracer.c | -rw-r--r-- | root       | root       |           |
/etc/datadog-agent/conf.d/snmp.d/default_profiles/avtech.yaml | -rw-r--r-- | root       | root       |           |
/etc/datadog-agent/conf.d/snmp.d/default_profiles/cisco.yaml | -rw-r--r-- | root       | root       |           |
/etc/datadog-agent/conf.d/snmp.d/default_profiles/huawei-access-controllers.yaml | -rw-r--r-- | root       | root       |           |
/etc/datadog-agent/conf.d/snmp.d/default_profiles/nvidia.yaml | -rw-r--r-- | root       | root       |           |
/etc/datadog-agent/conf.d/snmp.d/default_profiles/ruckus-unleashed.yaml | -rw-r--r-- | root       | root       |           |
/opt/datadog-agent/embedded/share/system-probe/ebpf/runtime-security-offset-guesser.o | -rw-r--r-- | root       | root       |           |
/etc/datadog-agent/conf.d/eks_fargate.d/conf.yaml.default | -rw-r--r-- | root       | root       |           |
/etc/datadog-agent/conf.d/mcache.d/auto_conf.yaml  | -rw-r--r-- | root       | root       |           |
/etc/datadog-agent/conf.d/snmp.d/default_profiles/_ubiquiti.yaml | -rw-r--r-- | root       | root       |           |
/etc/datadog-agent/conf.d/disk.d/conf.yaml.default | -rw-r--r-- | root       | root       |           |
/etc/datadog-agent/conf.d/hivemq.d/metrics.yaml    | -rw-r--r-- | root       | root       |           |
/etc/datadog-agent/conf.d/snmp.d/default_profiles/apc-pdu.yaml | -rw-r--r-- | root       | root       |           |
/etc/datadog-agent/conf.d/snmp.d/default_profiles/hpe-msa.yaml | -rw-r--r-- | root       | root       |           |
/etc/datadog-agent/conf.d/snmp.d/default_profiles/sophos-xgs-firewall.yaml | -rw-r--r-- | root       | root       |           |
/opt/datadog-agent/embedded/share/system-probe/ebpf/co-re/oom-kill.o | -rw-r--r-- | root       | root       |           |
/etc/datadog-agent/conf.d/snmp.d/default_profiles/anue.yaml | -rw-r--r-- | root       | root       |           |
/etc/datadog-agent/conf.d/snmp.d/default_profiles/netgear.yaml | -rw-r--r-- | root       | root       |           |
/opt/datadog-agent/embedded/share/system-probe/ebpf/offset-guess-debug.o | -rw-r--r-- | root       | root       |           |
/opt/datadog-agent/run/registry.json               | -rw-r--r-- | root       | root       |           |
/etc/datadog-agent/conf.d/coredns.d/auto_conf.yaml | -rw-r--r-- | root       | root       |           |
/etc/datadog-agent/conf.d/snmp.d/default_profiles/_generic-router-tcp.yaml | -rw-r--r-- | root       | root       |           |
/etc/datadog-agent/conf.d/snmp.d/default_profiles/citrix.yaml | -rw-r--r-- | root       | root       |           |
/opt/datadog-agent/embedded/share/system-probe/ebpf/co-re | drwxr-xr-x | root       | root       |           |
/var/log/datadog/agent.log.11                      | -rw-r--r-- | root       | root       |           |
/etc/datadog-agent/conf.d/snmp.d/default_profiles/_base_cisco_voice.yaml | -rw-r--r-- | root       | root       |           |
/etc/datadog-agent/conf.d/snmp.d/default_profiles/_cisco-catalyst.yaml | -rw-r--r-- | root       | root       |           |
/etc/datadog-agent/conf.d/snmp.d/default_profiles/_cisco-metadata.yaml | -rw-r--r-- | root       | root       |           |
/etc/datadog-agent/conf.d/snmp.d/default_profiles/_hp-base.yaml | -rw-r--r-- | root       | root       |           |
/etc/datadog-agent/conf.d/snmp.d/default_profiles/cisco-isr.yaml | -rw-r--r-- | root       | root       |           |
/opt/datadog-agent/embedded/share/system-probe/ebpf/dns.o | -rw-r--r-- | root       | root       |           |
/etc/datadog-agent/conf.d/snmp.d/default_profiles/citrix-netscaler.yaml | -rw-r--r-- | root       | root       |           |
/etc/datadog-agent/conf.d/snmp.d/default_profiles/ibm.yaml | -rw-r--r-- | root       | root       |           |
/etc/datadog-agent/conf.d/snmp.d/default_profiles/juniper-pulse-secure.yaml | -rw-r--r-- | root       | root       |           |
/etc/datadog-agent/conf.d/snmp.d/default_profiles/_huawei.yaml | -rw-r--r-- | root       | root       |           |
/etc/datadog-agent/conf.d/snmp.d/default_profiles/_juniper.yaml | -rw-r--r-- | root       | root       |           |
/etc/datadog-agent/conf.d/snmp.d/default_profiles/aruba-clearpass.yaml | -rw-r--r-- | root       | root       |           |
/etc/datadog-agent/conf.d/snmp.d/default_profiles/peplink.yaml | -rw-r--r-- | root       | root       |           |
/opt/datadog-agent/embedded/share/system-probe/ebpf/runtime/oom-kill.c | -rw-r--r-- | root       | root       |           |
/etc/datadog-agent/conf.d/harbor.d/auto_conf.yaml  | -rw-r--r-- | root       | root       |           |
/etc/datadog-agent/conf.d/hudi.d/metrics.yaml      | -rw-r--r-- | root       | root       |           |
/etc/datadog-agent/conf.d/snmp.d/default_profiles/barracuda.yaml | -rw-r--r-- | root       | root       |           |
/etc/datadog-agent/conf.d/snmp.d/default_profiles/cisco-asa.yaml | -rw-r--r-- | root       | root       |           |
/etc/datadog-agent/conf.d/snmp.d/default_profiles/hpe-proliant.yaml | -rw-r--r-- | root       | root       |           |
/etc/datadog-agent/conf.d/snmp.d/default_profiles/vertiv-liebert-ac.yaml | -rw-r--r-- | root       | root       |           |
/etc/datadog-agent/conf.d/confluent_platform.d/metrics.yaml | -rw-r--r-- | root       | root       |           |
/etc/datadog-agent/conf.d/snmp.d/default_profiles/_juniper-cos.yaml | -rw-r--r-- | root       | root       |           |
/etc/datadog-agent/conf.d/snmp.d/default_profiles/_opengear.yaml | -rw-r--r-- | root       | root       |           |
/etc/datadog-agent/conf.d/snmp.d/default_profiles/_vertiv.yaml | -rw-r--r-- | root       | root       |           |
/etc/datadog-agent/conf.d/snmp.d/default_profiles/juniper-qfx.yaml | -rw-r--r-- | root       | root       |           |
/etc/datadog-agent/conf.d/kube_apiserver_metrics.d/auto_conf.yaml | -rw-r--r-- | root       | root       |           |
/etc/datadog-agent/conf.d/snmp.d/default_profiles/_generic-rtp.yaml | -rw-r--r-- | root       | root       |           |
/etc/datadog-agent/conf.d/snmp.d/default_profiles/vmware-esx.yaml | -rw-r--r-- | root       | root       |           |
/opt/datadog-agent/embedded/share/system-probe/ebpf/shared-libraries-debug.o | -rw-r--r-- | root       | root       |           |
/etc/datadog-agent/conf.d/snmp.d/default_profiles/_juniper-virtualchassis.yaml | -rw-r--r-- | root       | root       |           |
/etc/datadog-agent/conf.d/snmp.d/default_profiles/aruba.yaml | -rw-r--r-- | root       | root       |           |
/etc/datadog-agent/conf.d/snmp.d/default_profiles/audiocodes-mediant-sbc.yaml | -rw-r--r-- | root       | root       |           |
/etc/datadog-agent/conf.d/snmp.d/default_profiles/cisco-catalyst.yaml | -rw-r--r-- | root       | root       |           |
/etc/datadog-agent/conf.d/snmp.d/auto_conf.yaml    | -rw-r--r-- | root       | root       |           |
/etc/datadog-agent/conf.d/snmp.d/default_profiles/_cisco-wlc.yaml | -rw-r--r-- | root       | root       |           |
/etc/datadog-agent/conf.d/snmp.d/default_profiles/_generic-lldp.yaml | -rw-r--r-- | root       | root       |           |
/etc/datadog-agent/conf.d/snmp.d/default_profiles/cisco-legacy-wlc.yaml | -rw-r--r-- | root       | root       |           |
/etc/datadog-agent/conf.d/snmp.d/default_profiles/synology-disk-station.yaml | -rw-r--r-- | root       | root       |           |
/etc/datadog-agent/conf.d/snmp.d/default_profiles/tripplite.yaml | -rw-r--r-- | root       | root       |           |
/opt/datadog-agent/embedded/share/system-probe/ebpf/conntrack-debug.o | -rw-r--r-- | root       | root       |           |
/etc/datadog-agent/conf.d/snmp.d/default_profiles/_f5-big-ip-cpu-memory.yaml | -rw-r--r-- | root       | root       |           |
/etc/datadog-agent/conf.d/snmp.d/default_profiles/_generic-host-resources.yaml | -rw-r--r-- | root       | root       |           |
/etc/datadog-agent/conf.d/snmp.d/default_profiles/_generic-ip.yaml | -rw-r--r-- | root       | root       |           |
/etc/datadog-agent/conf.d/snmp.d/default_profiles/_juniper-junos-generic.yaml | -rw-r--r-- | root       | root       |           |
/etc/datadog-agent/conf.d/snmp.d/default_profiles/chrysalis.yaml | -rw-r--r-- | root       | root       |           |
/opt/datadog-agent/embedded/share/system-probe/ebpf/runtime/shared-libraries.c | -rw-r--r-- | root       | root       |           |
/etc/datadog-agent/conf.d/snmp.d/default_profiles/_apc-metadata.yaml | -rw-r--r-- | root       | root       |           |
/etc/datadog-agent/conf.d/snmp.d/default_profiles/cisco-asa-5525.yaml | -rw-r--r-- | root       | root       |           |
/etc/datadog-agent/conf.d/snmp.d/default_profiles/meraki.yaml | -rw-r--r-- | root       | root       |           |
/etc/datadog-agent/conf.d/hive.d/metrics.yaml      | -rw-r--r-- | root       | root       |           |
/etc/datadog-agent/conf.d/snmp.d/default_profiles/_generic-ups.yaml | -rw-r--r-- | root       | root       |           |
/etc/datadog-agent/conf.d/snmp.d/default_profiles/alcatel-lucent.yaml | -rw-r--r-- | root       | root       |           |
/etc/datadog-agent/conf.d/snmp.d/default_profiles/aruba-wireless-controller.yaml | -rw-r--r-- | root       | root       |           |
/etc/datadog-agent/conf.d/snmp.d/default_profiles/brother.yaml | -rw-r--r-- | root       | root       |           |
/etc/datadog-agent/conf.d/weblogic.d/metrics.yaml  | -rw-r--r-- | root       | root       |           |
/opt/datadog-agent/embedded/share/system-probe/ebpf/co-re/tracer-debug.o | -rw-r--r-- | root       | root       |           |
/etc/datadog-agent/install_info                    | -rw-r--r-- | root       | root       |           |
/etc/datadog-agent/conf.d/snmp.d/default_profiles/_hp.yaml | -rw-r--r-- | root       | root       |           |
/etc/datadog-agent/conf.d/snmp.d/default_profiles/dell-powerconnect.yaml | -rw-r--r-- | root       | root       |           |
/opt/datadog-agent/embedded/share/system-probe/ebpf/conntrack.o | -rw-r--r-- | root       | root       |           |
/etc/datadog-agent/conf.d/snmp.d/default_profiles/_generic-host-resources-base.yaml | -rw-r--r-- | root       | root       |           |
/etc/datadog-agent/conf.d/snmp.d/default_profiles/_juniper-userfirewall.yaml | -rw-r--r-- | root       | root       |           |
/etc/datadog-agent/conf.d/snmp.d/default_profiles/apc_ups.yaml | -rw-r--r-- | root       | root       |           |
/etc/datadog-agent/conf.d/snmp.d/default_profiles/cisco-sb.yaml | -rw-r--r-- | root       | root       |           |
/etc/datadog-agent/conf.d/snmp.d/default_profiles/cyberpower-pdu.yaml | -rw-r--r-- | root       | root       |           |
/etc/datadog-agent/conf.d/snmp.d/default_profiles/hpe-bladesystem-enclosure.yaml | -rw-r--r-- | root       | root       |           |
/etc/datadog-agent/conf.d/snmp.d/default_profiles/nasuni-filer.yaml | -rw-r--r-- | root       | root       |           |
/opt/datadog-agent/embedded/share/system-probe/ebpf/co-re/shared-libraries.o | -rw-r--r-- | root       | root       |           |
/etc/datadog-agent/conf.d/snmp.d/default_profiles/servertech.yaml | -rw-r--r-- | root       | root       |           |
/var/log/datadog                                   | drwxrwxrwx | root       | root       |           |
/etc/datadog-agent/conf.d/presto.d/metrics.yaml    | -rw-r--r-- | root       | root       |           |
/etc/datadog-agent/conf.d/snmp.d/default_profiles/_dell.yaml | -rw-r--r-- | root       | root       |           |
/etc/datadog-agent/conf.d/snmp.d/default_profiles/cisco-wan-optimizer.yaml | -rw-r--r-- | root       | root       |           |
/etc/datadog-agent/conf.d/snmp.d/default_profiles/opengear-infrastructure-manager.yaml | -rw-r--r-- | root       | root       |           |
/etc/datadog-agent/conf.d/snmp.d/default_profiles/zebra-printer.yaml | -rw-r--r-- | root       | root       |           |
/opt/datadog-agent/embedded/share/system-probe/ebpf/co-re/shared-libraries-debug.o | -rw-r--r-- | root       | root       |           |
/var/log/datadog/agent.log                         | -rw-r--r-- | root       | root       |           |
/etc/datadog-agent/conf.d/snmp.d/default_profiles/_generic-router-if.yaml | -rw-r--r-- | root       | root       |           |
/etc/datadog-agent/conf.d/snmp.d/default_profiles/avtech-roomalert-3e.yaml | -rw-r--r-- | root       | root       |           |
/etc/datadog-agent/conf.d/snmp.d/default_profiles/cisco-load-balancer.yaml | -rw-r--r-- | root       | root       |           |
/etc/datadog-agent/conf.d/snmp.d/default_profiles/hpe-nimble.yaml | -rw-r--r-- | root       | root       |           |
/etc/datadog-agent/conf.d/snmp.d/default_profiles/infoblox-ipam.yaml | -rw-r--r-- | root       | root       |           |
/opt/datadog-agent/embedded/share/system-probe/ebpf/co-re/tcp-queue-length.o | -rw-r--r-- | root       | root       |           |
/var/log/datadog/process-agent.log                 | -rw-r--r-- | root       | root       |           |
/var/log/datadog/security-agent.log                | -rw-r--r-- | root       | root       |           |
/etc/datadog-agent/conf.d/snmp.d/default_profiles/_generic-tcp.yaml | -rw-r--r-- | root       | root       |           |
/etc/datadog-agent/conf.d/snmp.d/default_profiles/_generic-udp.yaml | -rw-r--r-- | root       | root       |           |
/etc/datadog-agent/conf.d/snmp.d/default_profiles/idrac.yaml | -rw-r--r-- | root       | root       |           |
/etc/datadog-agent/conf.d/telemetry.d/conf.yaml.default | -rw-r--r-- | root       | root       |           |
/opt/datadog-agent/embedded/share/system-probe/ebpf/runtime/offsetguess-test.c | -rw-r--r-- | root       | root       |           |
/opt/datadog-agent/embedded/share/system-probe/ebpf/co-re/oom-kill-debug.o | -rw-r--r-- | root       | root       |           |
/opt/datadog-agent/embedded/share/system-probe/ebpf/offset-guess.o | -rw-r--r-- | root       | root       |           |
/opt/datadog-agent/embedded/share/system-probe/ebpf/runtime/tcp-queue-length.c | -rw-r--r-- | root       | root       |           |
/opt/datadog-agent/embedded/share/system-probe/ebpf/runtime-security.o | -rw-r--r-- | root       | root       |           |
/etc/datadog-agent/conf.d/kubernetes_state.d/auto_conf.yaml | -rw-r--r-- | root       | root       |           |
/etc/datadog-agent/conf.d/snmp.d/default_profiles/_checkpoint-firewall-cpu-memory.yaml | -rw-r--r-- | root       | root       |           |
/etc/datadog-agent/conf.d/snmp.d/default_profiles/_cisco-asa.yaml | -rw-r--r-- | root       | root       |           |
/opt/datadog-agent/embedded/share/system-probe/ebpf/co-re/ebpf-debug.o | -rw-r--r-- | root       | root       |           |
/etc/datadog-agent/conf.d/snmp.d/default_profiles/fortinet-fortigate.yaml | -rw-r--r-- | root       | root       |           |
/var/run/sysprobe                                  | drwxrwxrwx | root       | root       |           |
/etc/datadog-agent/conf.d/consul.d/auto_conf.yaml  | -rw-r--r-- | root       | root       |           |
/etc/datadog-agent/conf.d/couch.d/auto_conf.yaml   | -rw-r--r-- | root       | root       |           |
/etc/datadog-agent/conf.d/istio.d/auto_conf.yaml   | -rw-r--r-- | root       | root       |           |
/etc/datadog-agent/conf.d/snmp.d/default_profiles/fortinet-appliance.yaml | -rw-r--r-- | root       | root       |           |
/etc/datadog-agent/conf.d/snmp.d/default_profiles/tp-link.yaml | -rw-r--r-- | root       | root       |           |
/opt/datadog-agent/embedded/share/system-probe/ebpf/runtime/usm.c | -rw-r--r-- | root       | root       |           |
/etc/datadog-agent/conf.d/snmp.d/default_profiles/_aruba-switch-cpu-memory.yaml | -rw-r--r-- | root       | root       |           |
/etc/datadog-agent/conf.d/snmp.d/default_profiles/_fortinet-fortigate-cpu-memory.yaml | -rw-r--r-- | root       | root       |           |
/etc/datadog-agent/conf.d/snmp.d/default_profiles/_generic-entity-sensor.yaml | -rw-r--r-- | root       | root       |           |
/etc/datadog-agent/conf.d/snmp.d/default_profiles/brocade.yaml | -rw-r--r-- | root       | root       |           |
/etc/datadog-agent/conf.d/snmp.d/default_profiles/generic-router.yaml | -rw-r--r-- | root       | root       |           |
/etc/datadog-agent/conf.d/snmp.d/default_profiles/mikrotik-router.yaml | -rw-r--r-- | root       | root       |           |
/etc/datadog-agent/conf.d/snmp.d/default_profiles/omron-cj-ethernet-ip.yaml | -rw-r--r-- | root       | root       |           |
/etc/datadog-agent/conf.d/sbom.d/conf.yaml.default | -rw-r--r-- | root       | root       |           |
/opt/datadog-agent/embedded/share/system-probe/ebpf/co-re/tcp-queue-length-debug.o | -rw-r--r-- | root       | root       |           |
/etc/datadog-agent/conf.d/cpu.d/conf.yaml.default  | -rw-r--r-- | root       | root       |           |
/etc/datadog-agent/conf.d/snmp.d/default_profiles/extreme-switching.yaml | -rw-r--r-- | root       | root       |           |
/etc/datadog-agent/conf.d/snmp.d/default_profiles/juniper-mx.yaml | -rw-r--r-- | root       | root       |           |
/opt/datadog-agent/embedded/share/system-probe/ebpf/co-re/ebpf.o | -rw-r--r-- | root       | root       |           |
/etc/datadog-agent/conf.d/cilium.d/auto_conf.yaml  | -rw-r--r-- | root       | root       |           |
/etc/datadog-agent/conf.d/snmp.d/default_profiles/3com-huawei.yaml | -rw-r--r-- | root       | root       |           |
/etc/datadog-agent/conf.d/snmp.d/default_profiles/_base_cisco.yaml | -rw-r--r-- | root       | root       |           |
/etc/datadog-agent/conf.d/snmp.d/default_profiles/_generic-ucd.yaml | -rw-r--r-- | root       | root       |           |
/etc/datadog-agent/conf.d/snmp.d/default_profiles/generic-device.yaml | -rw-r--r-- | root       | root       |           |
/opt/datadog-agent/embedded/share/system-probe/ebpf/tracer.o | -rw-r--r-- | root       | root       |           |
/etc/datadog-agent/conf.d/cassandra.d/metrics.yaml | -rw-r--r-- | root       | root       |           |
/etc/datadog-agent/conf.d/etcd.d/auto_conf.yaml    | -rw-r--r-- | root       | root       |           |
/etc/datadog-agent/conf.d/snmp.d/default_profiles/_palo-alto.yaml | -rw-r--r-- | root       | root       |           |
/etc/datadog-agent/conf.d/snmp.d/default_profiles/citrix-netscaler-sdx.yaml | -rw-r--r-- | root       | root       |           |
/opt/datadog-agent/embedded/share/system-probe/ebpf/usm-debug.o | -rw-r--r-- | root       | root       |           |
/opt/datadog-agent/run/version-history.json        | -rw-r--r-- | root       | root       |           |
/etc/datadog-agent/conf.d/presto.d/auto_conf.yaml  | -rw-r--r-- | root       | root       |           |
/opt/datadog-agent/embedded/share/system-probe/ebpf/co-re/btf | drwxr-xr-x | root       | root       |           |
/etc/datadog-agent/conf.d/snmp.d/default_profiles/cisco-access-point.yaml | -rw-r--r-- | root       | root       |           |
/etc/datadog-agent/conf.d/snmp.d/default_profiles/fireeye.yaml | -rw-r--r-- | root       | root       |           |
/etc/datadog-agent/conf.d/snmp.d/default_profiles/hp-ilo.yaml | -rw-r--r-- | root       | root       |           |
/etc/datadog-agent/conf.d/snmp.d/default_profiles/huawei-routers.yaml | -rw-r--r-- | root       | root       |           |
/etc/datadog-agent/conf.d/snmp.d/default_profiles/juniper.yaml | -rw-r--r-- | root       | root       |           |
/etc/datadog-agent/conf.d/snmp.d/default_profiles/_generic-router-ospf.yaml | -rw-r--r-- | root       | root       |           |
/opt/datadog-agent/checks.d                        |       |            |            | could not stat file /opt/datadog-agent/checks.d: stat /opt/datadog-agent/checks.d: no such file or directory|
/etc/datadog-agent/conf.d/io.d/conf.yaml.default   | -rw-r--r-- | root       | root       |           |
/etc/datadog-agent/conf.d/snmp.d/default_profiles/_arista-queue.yaml | -rw-r--r-- | root       | root       |           |
/etc/datadog-agent/conf.d/snmp.d/default_profiles/_hp-compaq-health.yaml | -rw-r--r-- | root       | root       |           |
/etc/datadog-agent/conf.d/tomcat.d/metrics.yaml    | -rw-r--r-- | root       | root       |           |
/etc/datadog-agent/system-probe.yaml               | -rw-r--r-- | root       | root       |           |
/opt/datadog-agent/embedded/share/system-probe/ebpf/co-re/btf/minimized-btfs.tar.xz | -rw-r--r-- | root       | root       |           |
/etc/datadog-agent/conf.d/snmp.d/default_profiles/_cisco-voice.yaml | -rw-r--r-- | root       | root       |           |
/etc/datadog-agent/conf.d/snmp.d/default_profiles/netgear-readynas.yaml | -rw-r--r-- | root       | root       |           |
/etc/datadog-agent/conf.d/solr.d/metrics.yaml      | -rw-r--r-- | root       | root       |           |
/opt/datadog-agent/embedded/share/system-probe/ebpf/logdebug-test.o | -rw-r--r-- | root       | root       |           |
/etc/datadog-agent/conf.d/snmp.d/default_profiles/checkpoint.yaml | -rw-r--r-- | root       | root       |           |
/etc/datadog-agent/conf.d/snmp.d/default_profiles/cisco-3850.yaml | -rw-r--r-- | root       | root       |           |
/opt/datadog-agent/embedded/share/system-probe/ebpf/co-re/usm-debug.o | -rw-r--r-- | root       | root       |           |
/opt/datadog-agent/embedded/share/system-probe/ebpf/usm.o | -rw-r--r-- | root       | root       |           |
/var/log/datadog/jmxfetch.log                      | -rw-r--r-- | root       | root       |           |
/etc/datadog-agent/conf.d/redisdb.d/auto_conf.yaml | -rw-r--r-- | root       | root       |           |
/etc/datadog-agent/conf.d/snmp.d/default_profiles/_generic-router-bgp4.yaml | -rw-r--r-- | root       | root       |           |
/etc/datadog-agent/conf.d/snmp.d/default_profiles/cisco_icm.yaml | -rw-r--r-- | root       | root       |           |
/etc/datadog-agent/conf.d/snmp.d/default_profiles/eaton-epdu.yaml | -rw-r--r-- | root       | root       |           |
/opt/datadog-agent/embedded/share/system-probe/ebpf/runtime-security-fentry.o | -rw-r--r-- | root       | root       |           |
/etc/datadog-agent/conf.d/snmp.d/default_profiles/_arista-metadata.yaml | -rw-r--r-- | root       | root       |           |
/etc/datadog-agent/conf.d/snmp.d/default_profiles/arista.yaml | -rw-r--r-- | root       | root       |           |
/etc/datadog-agent/conf.d/snmp.d/default_profiles/aruba-access-point.yaml | -rw-r--r-- | root       | root       |           |
/etc/datadog-agent/conf.d/snmp.d/default_profiles/brocade-fc-switch.yaml | -rw-r--r-- | root       | root       |           |
/etc/datadog-agent/conf.d/snmp.d/default_profiles/western-digital-mycloud-ex2-ultra.yaml | -rw-r--r-- | root       | root       |           |
/etc/datadog-agent/conf.d/elastic.d/auto_conf.yaml | -rw-r--r-- | root       | root       |           |
/etc/datadog-agent/conf.d/ntp.d/conf.yaml.default  | -rw-r--r-- | root       | root       |           |
/etc/datadog-agent/conf.d/riak.d/auto_conf.yaml    | -rw-r--r-- | root       | root       |           |
/etc/datadog-agent/conf.d/snmp.d/default_profiles/_fortinet-fortigate-vpn-tunnel.yaml | -rw-r--r-- | root       | root       |           |
/etc/datadog-agent/conf.d/snmp.d/default_profiles/kyocera-printer.yaml | -rw-r--r-- | root       | root       |           |
/etc/datadog-agent/conf.d/snmp.d/default_profiles/nec-univerge.yaml | -rw-r--r-- | root       | root       |           |
/etc/datadog-agent/conf.d/snmp.d/default_profiles/pf-sense.yaml | -rw-r--r-- | root       | root       |           |
/etc/datadog-agent/conf.d/hazelcast.d/metrics.yaml | -rw-r--r-- | root       | root       |           |
/etc/datadog-agent/conf.d/snmp.d/default_profiles/avaya-media-gateway.yaml | -rw-r--r-- | root       | root       |           |
/etc/datadog-agent/conf.d/snmp.d/default_profiles/juniper-ex.yaml | -rw-r--r-- | root       | root       |           |
/etc/datadog-agent/conf.d/snmp.d/default_profiles/linksys.yaml | -rw-r--r-- | root       | root       |           |
/etc/datadog-agent/conf.d/snmp.d/default_profiles/alcatel-lucent-omni-access-wlc.yaml | -rw-r--r-- | root       | root       |           |
/etc/datadog-agent/conf.d/snmp.d/default_profiles/_dell-rac.yaml | -rw-r--r-- | root       | root       |           |
/etc/datadog-agent/conf.d/snmp.d/default_profiles/fortinet.yaml | -rw-r--r-- | root       | root       |           |
/etc/datadog-agent/conf.d/snmp.d/default_profiles/isilon.yaml | -rw-r--r-- | root       | root       |           |
/etc/datadog-agent/conf.d/snmp.d/default_profiles/opengear-console-manager.yaml | -rw-r--r-- | root       | root       |           |
/etc/datadog-agent/conf.d/snmp.d/default_profiles/_aruba-base.yaml | -rw-r--r-- | root       | root       |           |
/etc/datadog-agent/conf.d/snmp.d/default_profiles/apc-netbotz.yaml | -rw-r--r-- | root       | root       |           |
/etc/datadog-agent/conf.d/snmp.d/default_profiles/arista-switch.yaml | -rw-r--r-- | root       | root       |           |
/etc/datadog-agent/conf.d/snmp.d/default_profiles/cisco-ucs.yaml | -rw-r--r-- | root       | root       |           |
/etc/datadog-agent/conf.d/kyototycoon.d/auto_conf.yaml | -rw-r--r-- | root       | root       |           |
/var/run/sysprobe/sysprobe.sock                    | Srwx-w---- | _rpc       | root       |           |
/etc/datadog-agent/conf.d/snmp.d/default_profiles/netgear-switch.yaml | -rw-r--r-- | root       | root       |           |
/etc/datadog-agent/conf.d/snmp.d/default_profiles/silverpeak-edgeconnect.yaml | -rw-r--r-- | root       | root       |           |
/opt/datadog-agent/embedded/share/system-probe/ebpf/co-re/usm.o | -rw-r--r-- | root       | root       |           |
/etc/datadog-agent/conf.d/external_dns.d/auto_conf.yaml | -rw-r--r-- | root       | root       |           |
/etc/datadog-agent/conf.d/snmp.d/default_profiles/_generic-router-ip.yaml | -rw-r--r-- | root       | root       |           |
/etc/datadog-agent/conf.d/snmp.d/default_profiles/dlink.yaml | -rw-r--r-- | root       | root       |           |
/etc/datadog-agent/conf.d/snmp.d/default_profiles/sinetica-eagle-i.yaml | -rw-r--r-- | root       | root       |           |
/opt/datadog-agent/embedded/share/system-probe/ebpf/shared-libraries.o | -rw-r--r-- | root       | root       |           |
/etc/datadog-agent/conf.d/snmp.d/default_profiles/cisco-firepower-asa.yaml | -rw-r--r-- | root       | root       |           |
/etc/datadog-agent/conf.d/snmp.d/default_profiles/dell-sonicwall.yaml | -rw-r--r-- | root       | root       |           |
/etc/datadog-agent/conf.d/snmp.d/default_profiles/nvidia-mellanox-switchx.yaml | -rw-r--r-- | root       | root       |           |
/etc/datadog-agent/conf.d/snmp.d/default_profiles/aruba-switch.yaml | -rw-r--r-- | root       | root       |           |
/var/log/datadog/trace-agent.log                   | -rw-r--r-- | root       | root       |           |
/etc/datadog-agent/conf.d/kube_controller_manager.d/auto_conf.yaml | -rw-r--r-- | root       | root       |           |
/etc/datadog-agent/conf.d/snmp.d/default_profiles/avocent-acs.yaml | -rw-r--r-- | root       | root       |           |
/etc/datadog-agent/conf.d/snmp.d/default_profiles/riverbed-interceptor.yaml | -rw-r--r-- | root       | root       |           |
/etc/datadog-agent/conf.d/snmp.d/default_profiles/zyxel-switch.yaml | -rw-r--r-- | root       | root       |           |
/opt/datadog-agent/embedded/share/system-probe/ebpf/dns-debug.o | -rw-r--r-- | root       | root       |           |
/etc/datadog-agent/conf.d/sonarqube.d/metrics.yaml | -rw-r--r-- | root       | root       |           |
/etc/datadog-agent/conf.d/orchestrator_pod.d/conf.yaml.default | -rw-r--r-- | root       | root       |           |
/etc/datadog-agent/conf.d/docker.d/conf.yaml.default | -rw-r--r-- | root       | root       |           |
/etc/datadog-agent/conf.d/load.d/conf.yaml.default | -rw-r--r-- | root       | root       |           |
/etc/datadog-agent/conf.d/memory.d/conf.yaml.default | -rw-r--r-- | root       | root       |           |
/etc/datadog-agent/conf.d/snmp.d/default_profiles/_generic-ospf.yaml | -rw-r--r-- | root       | root       |           |
/etc/datadog-agent/conf.d/snmp.d/default_profiles/aruba-cx-switch.yaml | -rw-r--r-- | root       | root       |           |
/etc/datadog-agent/conf.d/snmp.d/default_profiles/avaya-aura-media-server.yaml | -rw-r--r-- | root       | root       |           |
/etc/datadog-agent/conf.d/snmp.d/default_profiles/avtech-roomalert-32s.yaml | -rw-r--r-- | root       | root       |           |
/etc/datadog-agent/conf.d/container_lifecycle.d/conf.yaml.default | -rw-r--r-- | root       | root       |           |
/etc/datadog-agent/conf.d/snmp.d/default_profiles/meraki-cloud-controller.yaml | -rw-r--r-- | root       | root       |           |
/etc/datadog-agent/conf.d/snmp.d/default_profiles/_arista.yaml | -rw-r--r-- | root       | root       |           |
/etc/datadog-agent/conf.d/snmp.d/default_profiles/hp-icf-switch.yaml | -rw-r--r-- | root       | root       |           |
/var/log/datadog/dogstatsd_info                    |       |            |            | could not stat file /var/log/datadog/dogstatsd_info: stat /var/log/datadog/dogstatsd_info: no such file or directory|
/etc/datadog-agent/conf.d/snmp.d/default_profiles/_cisco-ipsec-flow-monitor.yaml | -rw-r--r-- | root       | root       |           |
/etc/datadog-agent/conf.d/snmp.d/default_profiles/avtech-roomalert-3s.yaml | -rw-r--r-- | root       | root       |           |
/etc/datadog-agent/conf.d/snmp.d/default_profiles/cisco-ironport-email.yaml | -rw-r--r-- | root       | root       |           |
/etc/datadog-agent/conf.d/snmp.d/default_profiles/cisco_uc_virtual_machine.yaml | -rw-r--r-- | root       | root       |           |
/etc/datadog-agent/conf.d/snmp.d/default_profiles/dell-poweredge.yaml | -rw-r--r-- | root       | root       |           |
/etc/datadog-agent/conf.d/snmp.d/default_profiles/hp-h3c-switch.yaml | -rw-r--r-- | root       | root       |           |
/etc/datadog-agent/conf.d/rabbitmq.d/auto_conf.yaml | -rw-r--r-- | root       | root       |           |
/etc/datadog-agent/conf.d                          | drwxr-xr-x | root       | root       |           |
/etc/datadog-agent/conf.d/container_image.d/conf.yaml.default | -rw-r--r-- | root       | root       |           |
/etc/datadog-agent/conf.d/snmp.d/default_profiles/_juniper-scu.yaml | -rw-r--r-- | root       | root       |           |
/etc/datadog-agent/conf.d/snmp.d/default_profiles/dell-os10.yaml | -rw-r--r-- | root       | root       |           |
/opt/datadog-agent/embedded/share/system-probe/ebpf/co-re/tracer-fentry-debug.o | -rw-r--r-- | root       | root       |           |
/etc/datadog-agent/conf.d/ecs_fargate.d/conf.yaml.default | -rw-r--r-- | root       | root       |           |
/etc/datadog-agent/conf.d/snmp.d/default_profiles/ibm-datapower-gateway.yaml | -rw-r--r-- | root       | root       |           |
/etc/datadog-agent/conf.d/snmp.d/default_profiles/ruckus-wap.yaml | -rw-r--r-- | root       | root       |           |
/opt/datadog-agent/embedded/share/system-probe/ebpf/co-re/conntrack-debug.o | -rw-r--r-- | root       | root       |           |
/etc/datadog-agent/conf.d/snmp.d/default_profiles/aruba-mobility-controller.yaml | -rw-r--r-- | root       | root       |           |
/etc/datadog-agent/conf.d/snmp.d/default_profiles/avaya-nortel-ethernet-routing-switch.yaml | -rw-r--r-- | root       | root       |           |
/etc/datadog-agent/conf.d/jboss_wildfly.d/metrics.yaml | -rw-r--r-- | root       | root       |           |
/etc/datadog-agent/conf.d/network.d/conf.yaml.default | -rw-r--r-- | root       | root       |           |
/etc/datadog-agent/conf.d/snmp.d/default_profiles/alcatel-lucent-ind.yaml | -rw-r--r-- | root       | root       |           |
/etc/datadog-agent/conf.d/snmp.d/default_profiles/dell.yaml | -rw-r--r-- | root       | root       |           |
/etc/datadog-agent/conf.d/snmp.d/default_profiles/dialogic-media-gateway.yaml | -rw-r--r-- | root       | root       |           |
/etc/datadog-agent/conf.d/snmp.d/default_profiles/dlink-dgs-switch.yaml | -rw-r--r-- | root       | root       |           |
/etc/datadog-agent/conf.d/snmp.d/default_profiles/huawei-switches.yaml | -rw-r--r-- | root       | root       |           |
/etc/datadog-agent/datadog.yaml                    | -rw-r--r-- | root       | root       |           |
/opt/datadog-agent/run/secret-audit-file.json      |       |            |            | could not stat file /opt/datadog-agent/run/secret-audit-file.json: stat /opt/datadog-agent/run/secret-audit-file.json: no such file or directory|
/etc/datadog-agent/conf.d/snmp.d/default_profiles/_apc.yaml | -rw-r--r-- | root       | root       |           |
/etc/datadog-agent/conf.d/snmp.d/default_profiles/_intel-lan-adapters.yaml | -rw-r--r-- | root       | root       |           |
/etc/datadog-agent/conf.d/snmp.d/default_profiles/cisco-ise.yaml | -rw-r--r-- | root       | root       |           |
/etc/datadog-agent/conf.d/snmp.d/default_profiles/ibm-lenovo-server.yaml | -rw-r--r-- | root       | root       |           |
/etc/datadog-agent/conf.d/couchbase.d/auto_conf.yaml | -rw-r--r-- | root       | root       |           |
/etc/datadog-agent/conf.d/file_handle.d/conf.yaml.default | -rw-r--r-- | root       | root       |           |
/etc/datadog-agent/conf.d/orchestrator_ecs.d/conf.yaml.default | -rw-r--r-- | root       | root       |           |
/etc/datadog-agent/conf.d/snmp.d/default_profiles/3com.yaml | -rw-r--r-- | root       | root       |           |
/etc/datadog-agent/conf.d/snmp.d/default_profiles/_generic-bgp4.yaml | -rw-r--r-- | root       | root       |           |
/etc/datadog-agent/conf.d/snmp.d/default_profiles/_hp-driver-stats.yaml | -rw-r--r-- | root       | root       |           |
/etc/datadog-agent/conf.d/snmp.d/default_profiles/apc.yaml | -rw-r--r-- | root       | root       |           |
/etc/datadog-agent/conf.d/snmp.d/default_profiles/brother-net-printer.yaml | -rw-r--r-- | root       | root       |           |
/var/log/datadog/system-probe.log                  | -rw-r--r-- | root       | root       |           |
/etc/datadog-agent/conf.d/snmp.d/default_profiles/huawei.yaml | -rw-r--r-- | root       | root       |           |
/etc/datadog-agent/conf.d/snmp.d/default_profiles/riverbed-steelhead.yaml | -rw-r--r-- | root       | root       |           |
/etc/datadog-agent/conf.d/snmp.d/default_profiles/generic-ups.yaml | -rw-r--r-- | root       | root       |           |
/etc/datadog-agent/conf.d/kube_dns.d/auto_conf.yaml | -rw-r--r-- | root       | root       |           |
/etc/datadog-agent/conf.d/snmp.d/default_profiles/_cisco-generic.yaml | -rw-r--r-- | root       | root       |           |
/etc/datadog-agent/conf.d/snmp.d/default_profiles/cisco-firepower.yaml | -rw-r--r-- | root       | root       |           |
/etc/datadog-agent/conf.d/snmp.d/default_profiles/cisco-nexus.yaml | -rw-r--r-- | root       | root       |           |
/etc/datadog-agent/conf.d/snmp.d/default_profiles/gigamon.yaml | -rw-r--r-- | root       | root       |           |
/etc/datadog-agent/conf.d/snmp.d/default_profiles/infinera-coriant-groove.yaml | -rw-r--r-- | root       | root       |           |
/etc/datadog-agent/conf.d/snmp.d/default_profiles/palo-alto-cloudgenix.yaml | -rw-r--r-- | root       | root       |           |
/opt/datadog-agent/embedded/share/system-probe/ebpf/co-re/tracer.o | -rw-r--r-- | root       | root       |           |
/etc/datadog-agent/conf.d/snmp.d/default_profiles/vertiv-watchdog.yaml | -rw-r--r-- | root       | root       |           |
/etc/datadog-agent/conf.d/snmp.d/default_profiles/ruckus.yaml | -rw-r--r-- | root       | root       |           |
/etc/datadog-agent/conf.d/snmp.d/default_profiles/cisco_isr_4431.yaml | -rw-r--r-- | root       | root       |           |
/etc/datadog-agent/conf.d/snmp.d/default_profiles/netgear-access-point.yaml | -rw-r--r-- | root       | root       |           |
/etc/datadog-agent/conf.d/kafka.d/metrics.yaml     | -rw-r--r-- | root       | root       |           |