WorkloadMetaExtractor__cache_size 51
WorkloadMetaExtractor__diffs_dropped 0
WorkloadMetaExtractor__invalid_version_errors 0
WorkloadMetaExtractor__stale_diffs 0
WorkloadMetaExtractor__stream_send_errors 0
aggregator__channel_size{shard="0"} 0
aggregator__dogstatsd_contexts{shard="0"} 95
aggregator__dogstatsd_contexts_by_mtype{metric_type="Count",shard="0"} 0
aggregator__dogstatsd_contexts_by_mtype{metric_type="Counter",shard="0"} 77
aggregator__dogstatsd_contexts_by_mtype{metric_type="Gauge",shard="0"} 18
aggregator__dogstatsd_contexts_bytes_by_mtype{bytes_kind="data",metric_type="Count",shard="0"} 0
aggregator__dogstatsd_contexts_bytes_by_mtype{bytes_kind="data",metric_type="Counter",shard="0"} 9112
aggregator__dogstatsd_contexts_bytes_by_mtype{bytes_kind="data",metric_type="Gauge",shard="0"} 1491
aggregator__dogstatsd_contexts_bytes_by_mtype{bytes_kind="struct",metric_type="Count",shard="0"} 0
aggregator__dogstatsd_contexts_bytes_by_mtype{bytes_kind="struct",metric_type="Counter",shard="0"} 5544
aggregator__dogstatsd_contexts_bytes_by_mtype{bytes_kind="struct",metric_type="Gauge",shard="0"} 1296
aggregator__dogstatsd_time_buckets{shard="0"} 1
aggregator__flush{data_type="container-images",state="ok"} 4
aggregator__flush{data_type="container-lifecycle",state="ok"} 2
aggregator__flush{data_type="container-sbom",state="ok"} 51
aggregator__flush{data_type="events",state="ok"} 5
aggregator__flush{data_type="series",state="ok"} 7200
aggregator__flush{data_type="service_checks",state="ok"} 28
aggregator__processed{data_type="container-images",shard=""} 4
aggregator__processed{data_type="container-lifecycle",shard=""} 2
aggregator__processed{data_type="container-sbom",shard=""} 51
aggregator__processed{data_type="dogstatsd_metrics",shard="0"} 1222
aggregator__processed{data_type="events",shard=""} 5
aggregator__processed{data_type="metrics",shard=""} 14276
aggregator__processed{data_type="service_checks",shard=""} 29
aggregator_tags_store__entries{cache_instance_name="aggregator"} 946
aggregator_tags_store__entries{cache_instance_name="timesampler #0"} 22
aggregator_tags_store__hits_total{cache_instance_name="aggregator"} 7955
aggregator_tags_store__hits_total{cache_instance_name="timesampler #0"} 184
aggregator_tags_store__max_entries{cache_instance_name="aggregator"} 1140
aggregator_tags_store__max_entries{cache_instance_name="timesampler #0"} 22
aggregator_tags_store__miss_total{cache_instance_name="aggregator"} 1339
aggregator_tags_store__miss_total{cache_instance_name="timesampler #0"} 34
aggregator_tags_store__tagset_max_tags{cache_instance_name="aggregator"} 27
aggregator_tags_store__tagset_max_tags{cache_instance_name="timesampler #0"} 5
aggregator_tags_store__tagset_min_tags{cache_instance_name="aggregator"} 0
aggregator_tags_store__tagset_min_tags{cache_instance_name="timesampler #0"} 0
aggregator_tags_store__tagset_refs_count{cache_instance_name="aggregator",ge="1"} 631
aggregator_tags_store__tagset_refs_count{cache_instance_name="aggregator",ge="16"} 29
aggregator_tags_store__tagset_refs_count{cache_instance_name="aggregator",ge="2"} 74
aggregator_tags_store__tagset_refs_count{cache_instance_name="aggregator",ge="3"} 4
aggregator_tags_store__tagset_refs_count{cache_instance_name="aggregator",ge="32"} 0
aggregator_tags_store__tagset_refs_count{cache_instance_name="aggregator",ge="4"} 184
aggregator_tags_store__tagset_refs_count{cache_instance_name="aggregator",ge="64"} 1
aggregator_tags_store__tagset_refs_count{cache_instance_name="aggregator",ge="8"} 23
aggregator_tags_store__tagset_refs_count{cache_instance_name="timesampler #0",ge="1"} 2
aggregator_tags_store__tagset_refs_count{cache_instance_name="timesampler #0",ge="16"} 0
aggregator_tags_store__tagset_refs_count{cache_instance_name="timesampler #0",ge="2"} 13
aggregator_tags_store__tagset_refs_count{cache_instance_name="timesampler #0",ge="3"} 3
aggregator_tags_store__tagset_refs_count{cache_instance_name="timesampler #0",ge="32"} 1
aggregator_tags_store__tagset_refs_count{cache_instance_name="timesampler #0",ge="4"} 0
aggregator_tags_store__tagset_refs_count{cache_instance_name="timesampler #0",ge="64"} 1
aggregator_tags_store__tagset_refs_count{cache_instance_name="timesampler #0",ge="8"} 2
aggregator_tags_store__tagset_sum_tags{cache_instance_name="aggregator"} 6142
aggregator_tags_store__tagset_sum_tags{cache_instance_name="timesampler #0"} 73
aggregator_tags_store__tagset_sum_tags_bytes{bytes_kind="data",cache_instance_name="aggregator"} 198638
aggregator_tags_store__tagset_sum_tags_bytes{bytes_kind="data",cache_instance_name="timesampler #0"} 1194
aggregator_tags_store__tagset_sum_tags_bytes{bytes_kind="struct",cache_instance_name="aggregator"} 128544
aggregator_tags_store__tagset_sum_tags_bytes{bytes_kind="struct",cache_instance_name="timesampler #0"} 1872
autodiscovery_errors{provider="file"} 0
autodiscovery_errors{provider="kubernetes-container-allinone"} 0
autodiscovery_poll_duration_bucket{provider="cluster-checks",le="0.005"} 1
autodiscovery_poll_duration_bucket{provider="cluster-checks",le="0.01"} 1
autodiscovery_poll_duration_bucket{provider="cluster-checks",le="0.025"} 1
autodiscovery_poll_duration_bucket{provider="cluster-checks",le="0.05"} 1
autodiscovery_poll_duration_bucket{provider="cluster-checks",le="0.1"} 1
autodiscovery_poll_duration_bucket{provider="cluster-checks",le="0.25"} 1
autodiscovery_poll_duration_bucket{provider="cluster-checks",le="0.5"} 1
autodiscovery_poll_duration_bucket{provider="cluster-checks",le="1"} 1
autodiscovery_poll_duration_bucket{provider="cluster-checks",le="2.5"} 1
autodiscovery_poll_duration_bucket{provider="cluster-checks",le="5"} 1
autodiscovery_poll_duration_bucket{provider="cluster-checks",le="10"} 1
autodiscovery_poll_duration_bucket{provider="cluster-checks",le="+Inf"} 1
autodiscovery_poll_duration_sum{provider="cluster-checks"} 7.3042e-05
autodiscovery_poll_duration_count{provider="cluster-checks"} 1
autodiscovery_poll_duration_bucket{provider="endpoints-checks",le="0.005"} 4
autodiscovery_poll_duration_bucket{provider="endpoints-checks",le="0.01"} 4
autodiscovery_poll_duration_bucket{provider="endpoints-checks",le="0.025"} 4
autodiscovery_poll_duration_bucket{provider="endpoints-checks",le="0.05"} 4
autodiscovery_poll_duration_bucket{provider="endpoints-checks",le="0.1"} 4
autodiscovery_poll_duration_bucket{provider="endpoints-checks",le="0.25"} 4
autodiscovery_poll_duration_bucket{provider="endpoints-checks",le="0.5"} 4
autodiscovery_poll_duration_bucket{provider="endpoints-checks",le="1"} 4
autodiscovery_poll_duration_bucket{provider="endpoints-checks",le="2.5"} 5
autodiscovery_poll_duration_bucket{provider="endpoints-checks",le="5"} 7
autodiscovery_poll_duration_bucket{provider="endpoints-checks",le="10"} 7
autodiscovery_poll_duration_bucket{provider="endpoints-checks",le="+Inf"} 7
autodiscovery_poll_duration_sum{provider="endpoints-checks"} 7.293326544999999
autodiscovery_poll_duration_count{provider="endpoints-checks"} 7
autodiscovery_poll_duration_bucket{provider="file",le="0.005"} 1
autodiscovery_poll_duration_bucket{provider="file",le="0.01"} 1
autodiscovery_poll_duration_bucket{provider="file",le="0.025"} 1
autodiscovery_poll_duration_bucket{provider="file",le="0.05"} 1
autodiscovery_poll_duration_bucket{provider="file",le="0.1"} 1
autodiscovery_poll_duration_bucket{provider="file",le="0.25"} 1
autodiscovery_poll_duration_bucket{provider="file",le="0.5"} 1
autodiscovery_poll_duration_bucket{provider="file",le="1"} 1
autodiscovery_poll_duration_bucket{provider="file",le="2.5"} 1
autodiscovery_poll_duration_bucket{provider="file",le="5"} 1
autodiscovery_poll_duration_bucket{provider="file",le="10"} 1
autodiscovery_poll_duration_bucket{provider="file",le="+Inf"} 1
autodiscovery_poll_duration_sum{provider="file"} 4.6167e-05
autodiscovery_poll_duration_count{provider="file"} 1
autodiscovery_scheduled_configs{provider="file",type="check"} 18
autodiscovery_scheduled_configs{provider="kubernetes-container-allinone",type="check"} 3
autodiscovery_scheduled_configs{provider="kubernetes-container-allinone",type="logs"} 15
autodiscovery_watched_resources{kind="container",listener="ad-kubeletlistener"} 15
autodiscovery_watched_resources{kind="kubernetes_pod",listener="ad-kubeletlistener"} 8
check__ntp_offset -0.0123787325
check_metrics__active_metrics{stateful="false"} 1333
check_metrics__active_metrics{stateful="sum"} 2458
check_metrics__active_metrics{stateful="true"} 1125
check_metrics__created_total{stateful="false"} 2007
check_metrics__created_total{stateful="sum"} 4647
check_metrics__created_total{stateful="true"} 2640
check_metrics__expired_total{stateful="false"} 376
check_metrics__expired_total{stateful="sum"} 1223
check_metrics__expired_total{stateful="true"} 847
check_metrics__removed_total{stateful="false"} 376
check_metrics__removed_total{stateful="sum"} 376
check_metrics__removed_total{stateful="true"} 0
check_metrics__total_metrics{stateful="false"} 1333
check_metrics__total_metrics{stateful="sum"} 3294
check_metrics__total_metrics{stateful="true"} 1961
check_metrics__waiting_metrics{stateful="false"} 0
check_metrics__waiting_metrics{stateful="sum"} 836
check_metrics__waiting_metrics{stateful="true"} 836
collector__worker_utilization{worker_name="worker_1"} 0.007114110027604167
collector__worker_utilization{worker_name="worker_2"} 0.004362570786458333
collector__worker_utilization{worker_name="worker_3"} 0.1272073990669271
collector__worker_utilization{worker_name="worker_4"} 0.20404088227135417
compressor__bytes_in 3.134718e+06
compressor__bytes_out 177467
compressor__total_cycles 4
compressor__total_payloads 10
container_lifecycle_emitted_events{event_type="delete",object_kind="container"} 3
container_lifecycle_emitted_events{event_type="delete",object_kind="pod"} 1
dogstatsd__channel_latency_bucket{message_type="metrics",shard="0",le="100"} 1
dogstatsd__channel_latency_bucket{message_type="metrics",shard="0",le="250"} 3
dogstatsd__channel_latency_bucket{message_type="metrics",shard="0",le="500"} 6
dogstatsd__channel_latency_bucket{message_type="metrics",shard="0",le="1000"} 14
dogstatsd__channel_latency_bucket{message_type="metrics",shard="0",le="10000"} 60
dogstatsd__channel_latency_bucket{message_type="metrics",shard="0",le="+Inf"} 68
dogstatsd__channel_latency_sum{message_type="metrics",shard="0"} 295124
dogstatsd__channel_latency_count{message_type="metrics",shard="0"} 68
dogstatsd__listener_channel_latency_bucket{listener_id="udp",le="250"} 0
dogstatsd__listener_channel_latency_bucket{listener_id="udp",le="500"} 0
dogstatsd__listener_channel_latency_bucket{listener_id="udp",le="750"} 0
dogstatsd__listener_channel_latency_bucket{listener_id="udp",le="1000"} 0
dogstatsd__listener_channel_latency_bucket{listener_id="udp",le="10000"} 45
dogstatsd__listener_channel_latency_bucket{listener_id="udp",le="+Inf"} 55
dogstatsd__listener_channel_latency_sum{listener_id="udp"} 357584
dogstatsd__listener_channel_latency_count{listener_id="udp"} 55
dogstatsd__listener_read_latency_bucket{listener_id="udp",listener_type="udp",transport="udp",le="300"} 144
dogstatsd__listener_read_latency_bucket{listener_id="udp",listener_type="udp",transport="udp",le="500"} 246
dogstatsd__listener_read_latency_bucket{listener_id="udp",listener_type="udp",transport="udp",le="1000"} 282
dogstatsd__listener_read_latency_bucket{listener_id="udp",listener_type="udp",transport="udp",le="1500"} 287
dogstatsd__listener_read_latency_bucket{listener_id="udp",listener_type="udp",transport="udp",le="2000"} 290
dogstatsd__listener_read_latency_bucket{listener_id="udp",listener_type="udp",transport="udp",le="2500"} 294
dogstatsd__listener_read_latency_bucket{listener_id="udp",listener_type="udp",transport="udp",le="3000"} 303
dogstatsd__listener_read_latency_bucket{listener_id="udp",listener_type="udp",transport="udp",le="10000"} 336
dogstatsd__listener_read_latency_bucket{listener_id="udp",listener_type="udp",transport="udp",le="20000"} 349
dogstatsd__listener_read_latency_bucket{listener_id="udp",listener_type="udp",transport="udp",le="50000"} 355
dogstatsd__listener_read_latency_bucket{listener_id="udp",listener_type="udp",transport="udp",le="+Inf"} 356
dogstatsd__listener_read_latency_sum{listener_id="udp",listener_type="udp",transport="udp"} 1.126542e+06
dogstatsd__listener_read_latency_count{listener_id="udp",listener_type="udp",transport="udp"} 356
dogstatsd__listener_read_latency_bucket{listener_id="uds-unixgram",listener_type="uds",transport="unixgram",le="300"} 0
dogstatsd__listener_read_latency_bucket{listener_id="uds-unixgram",listener_type="uds",transport="unixgram",le="500"} 0
dogstatsd__listener_read_latency_bucket{listener_id="uds-unixgram",listener_type="uds",transport="unixgram",le="1000"} 0
dogstatsd__listener_read_latency_bucket{listener_id="uds-unixgram",listener_type="uds",transport="unixgram",le="1500"} 0
dogstatsd__listener_read_latency_bucket{listener_id="uds-unixgram",listener_type="uds",transport="unixgram",le="2000"} 0
dogstatsd__listener_read_latency_bucket{listener_id="uds-unixgram",listener_type="uds",transport="unixgram",le="2500"} 0
dogstatsd__listener_read_latency_bucket{listener_id="uds-unixgram",listener_type="uds",transport="unixgram",le="3000"} 0
dogstatsd__listener_read_latency_bucket{listener_id="uds-unixgram",listener_type="uds",transport="unixgram",le="10000"} 0
dogstatsd__listener_read_latency_bucket{listener_id="uds-unixgram",listener_type="uds",transport="unixgram",le="20000"} 0
dogstatsd__listener_read_latency_bucket{listener_id="uds-unixgram",listener_type="uds",transport="unixgram",le="50000"} 1
dogstatsd__listener_read_latency_bucket{listener_id="uds-unixgram",listener_type="uds",transport="unixgram",le="+Inf"} 1
dogstatsd__listener_read_latency_sum{listener_id="uds-unixgram",listener_type="uds",transport="unixgram"} 33250
dogstatsd__listener_read_latency_count{listener_id="uds-unixgram",listener_type="uds",transport="unixgram"} 1
dogstatsd__packets_buffer_flush_timer{listener_id="udp"} 703
dogstatsd__packets_buffer_flush_timer{listener_id="uds-unixgram"} 703
dogstatsd__packets_buffer_size{listener_id="udp"} 0
dogstatsd__packets_buffer_size{listener_id="uds-unixgram"} 0
dogstatsd__packets_buffer_size_bytes{listener_id="udp"} 0
dogstatsd__packets_channel_packets_bytes{listener_id="udp"} 0
dogstatsd__packets_channel_packets_count{listener_id="udp"} 0
dogstatsd__packets_channel_size 0
dogstatsd__processed{message_type="metrics",origin="",state="error"} 0
dogstatsd__processed{message_type="metrics",origin="",state="ok"} 1221
dogstatsd__string_interner_new 0
dogstatsd__string_interner_str_bytes_bucket{le="1"} 0
dogstatsd__string_interner_str_bytes_bucket{le="2"} 0
dogstatsd__string_interner_str_bytes_bucket{le="4"} 0
dogstatsd__string_interner_str_bytes_bucket{le="8"} 0
dogstatsd__string_interner_str_bytes_bucket{le="16"} 0
dogstatsd__string_interner_str_bytes_bucket{le="32"} 0
dogstatsd__string_interner_str_bytes_bucket{le="64"} 0
dogstatsd__string_interner_str_bytes_bucket{le="128"} 0
dogstatsd__string_interner_str_bytes_bucket{le="+Inf"} 0
dogstatsd__string_interner_str_bytes_sum 0
dogstatsd__string_interner_str_bytes_count 0
dogstatsd__udp_packets{state="ok"} 356
dogstatsd__udp_packets_bytes 133295
dogstatsd__uds_connections{listener_id="uds-unixgram",transport="unixgram"} 1
ecs_queries{code="0",path="/metadata"} 1
go_gc_cycles_automatic_gc_cycles_total 248
go_gc_cycles_forced_gc_cycles_total 0
go_gc_cycles_total_gc_cycles_total 248
go_gc_duration_seconds{quantile="0"} 2.5208e-05
go_gc_duration_seconds{quantile="0.25"} 0.000366334
go_gc_duration_seconds{quantile="0.5"} 0.000755625
go_gc_duration_seconds{quantile="0.75"} 0.001324876
go_gc_duration_seconds{quantile="1"} 0.002772875
go_gc_duration_seconds_sum 0.218319501
go_gc_duration_seconds_count 248
go_gc_gogc_percent 100
go_gc_gomemlimit_bytes 9.223372036854776e+18
go_gc_heap_allocs_by_size_bytes_bucket{le="8.999999999999998"} 3.856376e+06
go_gc_heap_allocs_by_size_bytes_bucket{le="24.999999999999996"} 7.4820433e+07
go_gc_heap_allocs_by_size_bytes_bucket{le="64.99999999999999"} 1.29435224e+08
go_gc_heap_allocs_by_size_bytes_bucket{le="144.99999999999997"} 1.49906184e+08
go_gc_heap_allocs_by_size_bytes_bucket{le="320.99999999999994"} 1.57944584e+08
go_gc_heap_allocs_by_size_bytes_bucket{le="704.9999999999999"} 1.58601289e+08
go_gc_heap_allocs_by_size_bytes_bucket{le="1536.9999999999998"} 1.59155181e+08
go_gc_heap_allocs_by_size_bytes_bucket{le="3200.9999999999995"} 1.59405954e+08
go_gc_heap_allocs_by_size_bytes_bucket{le="6528.999999999999"} 1.60219219e+08
go_gc_heap_allocs_by_size_bytes_bucket{le="13568.999999999998"} 1.60223047e+08
go_gc_heap_allocs_by_size_bytes_bucket{le="27264.999999999996"} 1.6022486e+08
go_gc_heap_allocs_by_size_bytes_bucket{le="+Inf"} 1.60258877e+08
go_gc_heap_allocs_by_size_bytes_sum 1.4274999688e+10
go_gc_heap_allocs_by_size_bytes_count 1.60258877e+08
go_gc_heap_allocs_bytes_total 1.4274999688e+10
go_gc_heap_allocs_objects_total 1.60258877e+08
go_gc_heap_frees_by_size_bytes_bucket{le="8.999999999999998"} 3.83046e+06
go_gc_heap_frees_by_size_bytes_bucket{le="24.999999999999996"} 7.4224842e+07
go_gc_heap_frees_by_size_bytes_bucket{le="64.99999999999999"} 1.28464941e+08
go_gc_heap_frees_by_size_bytes_bucket{le="144.99999999999997"} 1.48745441e+08
go_gc_heap_frees_by_size_bytes_bucket{le="320.99999999999994"} 1.56711992e+08
go_gc_heap_frees_by_size_bytes_bucket{le="704.9999999999999"} 1.5734724e+08
go_gc_heap_frees_by_size_bytes_bucket{le="1536.9999999999998"} 1.57881403e+08
go_gc_heap_frees_by_size_bytes_bucket{le="3200.9999999999995"} 1.58127612e+08
go_gc_heap_frees_by_size_bytes_bucket{le="6528.999999999999"} 1.58935516e+08
go_gc_heap_frees_by_size_bytes_bucket{le="13568.999999999998"} 1.58939117e+08
go_gc_heap_frees_by_size_bytes_bucket{le="27264.999999999996"} 1.58940808e+08
go_gc_heap_frees_by_size_bytes_bucket{le="+Inf"} 1.58974666e+08
go_gc_heap_frees_by_size_bytes_sum 1.412363104e+10
go_gc_heap_frees_by_size_bytes_count 1.58974666e+08
go_gc_heap_frees_bytes_total 1.412363104e+10
go_gc_heap_frees_objects_total 1.58974666e+08
go_gc_heap_goal_bytes 1.56430272e+08
go_gc_heap_live_bytes 7.4765752e+07
go_gc_heap_objects_objects 1.284211e+06
go_gc_heap_tiny_allocs_objects_total 2.3503287e+07
go_gc_limiter_last_enabled_gc_cycle 0
go_gc_pauses_seconds_bucket{le="6.399999999999999e-08"} 0
go_gc_pauses_seconds_bucket{le="6.399999999999999e-07"} 0
go_gc_pauses_seconds_bucket{le="7.167999999999999e-06"} 23
go_gc_pauses_seconds_bucket{le="8.191999999999999e-05"} 182
go_gc_pauses_seconds_bucket{le="0.0009175039999999999"} 393
go_gc_pauses_seconds_bucket{le="0.010485759999999998"} 497
go_gc_pauses_seconds_bucket{le="0.11744051199999998"} 497
go_gc_pauses_seconds_bucket{le="+Inf"} 497
go_gc_pauses_seconds_sum 0.113859968
go_gc_pauses_seconds_count 497
go_gc_scan_globals_bytes 6.401312e+06
go_gc_scan_heap_bytes 6.3321968e+07
go_gc_scan_stack_bytes 497456
go_gc_scan_total_bytes 7.0220736e+07
go_gc_stack_starting_size_bytes 2048
go_goroutines 497
go_info{version="go1.21.11"} 1
go_memory_classes_heap_free_bytes 974848
go_memory_classes_heap_objects_bytes 1.51368648e+08
go_memory_classes_heap_released_bytes 5.185536e+06
go_memory_classes_heap_stacks_bytes 3.407872e+06
go_memory_classes_heap_unused_bytes 1.0931256e+07
go_memory_classes_metadata_mcache_free_bytes 1200
go_memory_classes_metadata_mcache_inuse_bytes 14400
go_memory_classes_metadata_mspan_free_bytes 171528
go_memory_classes_metadata_mspan_inuse_bytes 2.843232e+06
go_memory_classes_metadata_other_bytes 9.210248e+06
go_memory_classes_os_stacks_bytes 0
go_memory_classes_other_bytes 2.033935e+06
go_memory_classes_profiling_buckets_bytes 2.000751e+06
go_memory_classes_total_bytes 1.88143454e+08
go_memstats_alloc_bytes 1.51368648e+08
go_memstats_alloc_bytes_total 1.4274999688e+10
go_memstats_buck_hash_sys_bytes 2.000751e+06
go_memstats_frees_total 1.82477953e+08
go_memstats_gc_sys_bytes 9.210248e+06
go_memstats_heap_alloc_bytes 1.51368648e+08
go_memstats_heap_idle_bytes 6.160384e+06
go_memstats_heap_inuse_bytes 1.62299904e+08
go_memstats_heap_objects 1.284211e+06
go_memstats_heap_released_bytes 5.185536e+06
go_memstats_heap_sys_bytes 1.68460288e+08
go_memstats_last_gc_time_seconds 1.7247790500953705e+09
go_memstats_lookups_total 0
go_memstats_mallocs_total 1.83762164e+08
go_memstats_mcache_inuse_bytes 14400
go_memstats_mcache_sys_bytes 15600
go_memstats_mspan_inuse_bytes 2.843232e+06
go_memstats_mspan_sys_bytes 3.01476e+06
go_memstats_next_gc_bytes 1.56430272e+08
go_memstats_other_sys_bytes 2.033935e+06
go_memstats_stack_inuse_bytes 3.407872e+06
go_memstats_stack_sys_bytes 3.407872e+06
go_memstats_sys_bytes 1.88143454e+08
go_sched_gomaxprocs_threads 12
go_sched_goroutines_goroutines 496
go_sched_latencies_seconds_bucket{le="6.399999999999999e-08"} 309518
go_sched_latencies_seconds_bucket{le="6.399999999999999e-07"} 370793
go_sched_latencies_seconds_bucket{le="7.167999999999999e-06"} 412964
go_sched_latencies_seconds_bucket{le="8.191999999999999e-05"} 441547
go_sched_latencies_seconds_bucket{le="0.0009175039999999999"} 452012
go_sched_latencies_seconds_bucket{le="0.010485759999999998"} 452456
go_sched_latencies_seconds_bucket{le="0.11744051199999998"} 452456
go_sched_latencies_seconds_bucket{le="+Inf"} 452456
go_sched_latencies_seconds_sum 1.50045856
go_sched_latencies_seconds_count 452456
go_threads 20
jsonstream__blocked_time 874
jsonstream__blocking_goroutines 0
jsonstream__serialization_time 1.252625e+06
jsonstream__total_calls 6
jsonstream__total_items 30
kubelet_queries{code="200",path="/healthz?verbose"} 4
kubelet_queries{code="200",path="/metrics"} 6
kubelet_queries{code="200",path="/metrics/cadvisor"} 4
kubelet_queries{code="200",path="/metrics/probes"} 4
kubelet_queries{code="200",path="/metrics/slis"} 4
kubelet_queries{code="200",path="/pods"} 14
kubelet_queries{code="200",path="/stats/summary"} 4
kubelet_queries{code="404",path="/spec"} 1
kubelet_queries{code="404",path="/spec/"} 4
language_detection__detect_language_ms_bucket{le="0.005"} 4
language_detection__detect_language_ms_bucket{le="0.01"} 4
language_detection__detect_language_ms_bucket{le="0.025"} 4
language_detection__detect_language_ms_bucket{le="0.05"} 4
language_detection__detect_language_ms_bucket{le="0.1"} 4
language_detection__detect_language_ms_bucket{le="0.25"} 4
language_detection__detect_language_ms_bucket{le="0.5"} 4
language_detection__detect_language_ms_bucket{le="1"} 4
language_detection__detect_language_ms_bucket{le="2.5"} 4
language_detection__detect_language_ms_bucket{le="5"} 4
language_detection__detect_language_ms_bucket{le="10"} 4
language_detection__detect_language_ms_bucket{le="+Inf"} 4
language_detection__detect_language_ms_sum 0
language_detection__detect_language_ms_count 4
language_detection_dca_client_process_without_pod 2
language_detection_dca_client_processed_events{detected_language="java",scanned_container="ignite-node",scanned_pod="ignite-cluster-0",scanned_pod_namespace="ignite-namespace"} 13855
language_detection_dca_client_processed_events{detected_language="ruby",scanned_container="pdserver",scanned_pod="pdserver-bdc89dfcf-v4bdb",scanned_pod_namespace="default"} 13855
language_detection_dca_client_requests{status="error"} 3
logs__bytes_sent 1.67952395e+08
logs__decoded 151664
logs__destination_http_resp{status_code="200",url="https://agent-http-intake.logs.datadoghq.com/v1/input"} 1
logs__destination_http_resp{status_code="202",url="https://agent-http-intake.logs.datadoghq.com/api/v2/logs"} 177
logs__destination_http_resp{status_code="202",url="https://contimage-intake.datadoghq.com/api/v2/contimage"} 5
logs__destination_http_resp{status_code="202",url="https://contlcycle-intake.datadoghq.com/api/v2/contlcycle"} 3
logs__destination_http_resp{status_code="202",url="https://dbm-metrics-intake.datadoghq.com/api/v2/databasequery"} 1
logs__destination_http_resp{status_code="202",url="https://dbm-metrics-intake.datadoghq.com/api/v2/dbmactivity"} 1
logs__destination_http_resp{status_code="202",url="https://dbm-metrics-intake.datadoghq.com/api/v2/dbmmetadata"} 1
logs__destination_http_resp{status_code="202",url="https://dbm-metrics-intake.datadoghq.com/api/v2/dbmmetrics"} 1
logs__destination_http_resp{status_code="202",url="https://instrumentation-telemetry-intake.datadoghq.com/api/v2/apmtelemetry"} 1
logs__destination_http_resp{status_code="202",url="https://ndm-intake.datadoghq.com/api/v2/ndm"} 1
logs__destination_http_resp{status_code="202",url="https://ndmflow-intake.datadoghq.com/api/v2/ndmflow"} 1
logs__destination_http_resp{status_code="202",url="https://sbom-intake.datadoghq.com/api/v2/sbom"} 52
logs__destination_http_resp{status_code="202",url="https://snmp-traps-intake.datadoghq.com/api/v2/ndmtraps"} 1
logs__destination_http_resp{status_code="403",url="https://netpath-intake.datadoghq.com/api/v2/netpath"} 1
logs__encoded_bytes_sent 2.395448e+06
logs__processed 151664
logs__sender_latency_bucket{le="10"} 0
logs__sender_latency_bucket{le="25"} 0
logs__sender_latency_bucket{le="50"} 25
logs__sender_latency_bucket{le="75"} 88
logs__sender_latency_bucket{le="100"} 163
logs__sender_latency_bucket{le="250"} 232
logs__sender_latency_bucket{le="500"} 242
logs__sender_latency_bucket{le="1000"} 243
logs__sender_latency_bucket{le="10000"} 247
logs__sender_latency_bucket{le="+Inf"} 247
logs__sender_latency_sum 35560
logs__sender_latency_count 247
logs__sent 137619
logs_client_http_destination__idle_ms{sender="container-images_9_reliable_0"} 38759
logs_client_http_destination__idle_ms{sender="container-lifecycle_8_reliable_0"} 55758
logs_client_http_destination__idle_ms{sender="container-sbom_10_reliable_0"} 5684
logs_client_http_destination__idle_ms{sender="logs_0_reliable_0"} 55098
logs_client_http_destination__idle_ms{sender="logs_1_reliable_0"} 69996
logs_client_http_destination__idle_ms{sender="logs_2_reliable_0"} 69994
logs_client_http_destination__idle_ms{sender="logs_3_reliable_0"} 69997
logs_client_http_destination__in_use_ms{sender="container-sbom_10_reliable_0"} 330
logs_client_http_destination__in_use_ms{sender="logs_0_reliable_0"} 15162
logs_client_http_destination__send{endpoint_host="agent-http-intake.logs.datadoghq.com",error="none"} 178
logs_client_http_destination__send{endpoint_host="contimage-intake.datadoghq.com",error="none"} 5
logs_client_http_destination__send{endpoint_host="contlcycle-intake.datadoghq.com",error="none"} 3
logs_client_http_destination__send{endpoint_host="dbm-metrics-intake.datadoghq.com",error="none"} 4
logs_client_http_destination__send{endpoint_host="instrumentation-telemetry-intake.datadoghq.com",error="none"} 1
logs_client_http_destination__send{endpoint_host="ndm-intake.datadoghq.com",error="none"} 1
logs_client_http_destination__send{endpoint_host="ndmflow-intake.datadoghq.com",error="none"} 1
logs_client_http_destination__send{endpoint_host="netpath-intake.datadoghq.com",error="non-retryable"} 1
logs_client_http_destination__send{endpoint_host="sbom-intake.datadoghq.com",error="none"} 52
logs_client_http_destination__send{endpoint_host="snmp-traps-intake.datadoghq.com",error="none"} 1
logs_sender__send_wait 15279
no_aggregation__flush 0
no_aggregation__processed{state="ok"} 0
no_aggregation__processed{state="unsupported_type"} 0
orchestrator__cache_hits{orchestrator="k8s",resource="pod"} 12
orchestrator__cache_misses{orchestrator="k8s",resource="pod"} 18
process__payloads_bytes_in{type="type:manifest"} 217947
process__payloads_bytes_in{type="type:pod"} 26898
process__payloads_bytes_in{type="type:process"} 208303
process__payloads_bytes_out{type="type:manifest"} 26505
process__payloads_bytes_out{type="type:pod"} 8535
process__payloads_bytes_out{type="type:process"} 61006
process_cpu_seconds_total 39.11
process_max_fds 1.048576e+06
process_open_fds 105
process_resident_memory_bytes 3.1727616e+08
process_start_time_seconds 1.72477897784e+09
process_virtual_memory_bytes 3.026890752e+09
process_virtual_memory_max_bytes 1.8446744073709552e+19
rtloader__allocated_bytes 292961
rtloader__allocations 14113
rtloader__freed_bytes 292828
rtloader__frees 14109
rtloader__inuse_bytes 133
sbom_attempts{source="containerd",type="daemon"} 30
sbom_attempts{source="host",type="filesystem"} 1
sbom_cache_disk_size 1.728512e+06
sbom_cache_hits_total 130
sbom_cache_misses_total 189
sbom_errors{reason="scan",source="containerd",type="daemon"} 22
sbom_export_size_bucket{scan_ref="import-2024-05-13@sha256:45c561194466a77e2ad957a3ead7e40af710be745eab60aa556e670cc526e1e9",source="containerd",le="1e+07"} 0
sbom_export_size_bucket{scan_ref="import-2024-05-13@sha256:45c561194466a77e2ad957a3ead7e40af710be745eab60aa556e670cc526e1e9",source="containerd",le="5e+07"} 0
sbom_export_size_bucket{scan_ref="import-2024-05-13@sha256:45c561194466a77e2ad957a3ead7e40af710be745eab60aa556e670cc526e1e9",source="containerd",le="1e+08"} 1
sbom_export_size_bucket{scan_ref="import-2024-05-13@sha256:45c561194466a77e2ad957a3ead7e40af710be745eab60aa556e670cc526e1e9",source="containerd",le="2e+08"} 1
sbom_export_size_bucket{scan_ref="import-2024-05-13@sha256:45c561194466a77e2ad957a3ead7e40af710be745eab60aa556e670cc526e1e9",source="containerd",le="4e+08"} 1
sbom_export_size_bucket{scan_ref="import-2024-05-13@sha256:45c561194466a77e2ad957a3ead7e40af710be745eab60aa556e670cc526e1e9",source="containerd",le="6e+08"} 1
sbom_export_size_bucket{scan_ref="import-2024-05-13@sha256:45c561194466a77e2ad957a3ead7e40af710be745eab60aa556e670cc526e1e9",source="containerd",le="8e+08"} 1
sbom_export_size_bucket{scan_ref="import-2024-05-13@sha256:45c561194466a77e2ad957a3ead7e40af710be745eab60aa556e670cc526e1e9",source="containerd",le="1e+09"} 1
sbom_export_size_bucket{scan_ref="import-2024-05-13@sha256:45c561194466a77e2ad957a3ead7e40af710be745eab60aa556e670cc526e1e9",source="containerd",le="1.5e+09"} 1
sbom_export_size_bucket{scan_ref="import-2024-05-13@sha256:45c561194466a77e2ad957a3ead7e40af710be745eab60aa556e670cc526e1e9",source="containerd",le="+Inf"} 1
sbom_export_size_sum{scan_ref="import-2024-05-13@sha256:45c561194466a77e2ad957a3ead7e40af710be745eab60aa556e670cc526e1e9",source="containerd"} 6.1577728e+07
sbom_export_size_count{scan_ref="import-2024-05-13@sha256:45c561194466a77e2ad957a3ead7e40af710be745eab60aa556e670cc526e1e9",source="containerd"} 1
sbom_export_size_bucket{scan_ref="import-2024-05-13@sha256:66851d132bc433174ca3ded1bccbfe461cb7766bfd941f956224eafc2c8ec39f",source="containerd",le="1e+07"} 0
sbom_export_size_bucket{scan_ref="import-2024-05-13@sha256:66851d132bc433174ca3ded1bccbfe461cb7766bfd941f956224eafc2c8ec39f",source="containerd",le="5e+07"} 0
sbom_export_size_bucket{scan_ref="import-2024-05-13@sha256:66851d132bc433174ca3ded1bccbfe461cb7766bfd941f956224eafc2c8ec39f",source="containerd",le="1e+08"} 1
sbom_export_size_bucket{scan_ref="import-2024-05-13@sha256:66851d132bc433174ca3ded1bccbfe461cb7766bfd941f956224eafc2c8ec39f",source="containerd",le="2e+08"} 1
sbom_export_size_bucket{scan_ref="import-2024-05-13@sha256:66851d132bc433174ca3ded1bccbfe461cb7766bfd941f956224eafc2c8ec39f",source="containerd",le="4e+08"} 1
sbom_export_size_bucket{scan_ref="import-2024-05-13@sha256:66851d132bc433174ca3ded1bccbfe461cb7766bfd941f956224eafc2c8ec39f",source="containerd",le="6e+08"} 1
sbom_export_size_bucket{scan_ref="import-2024-05-13@sha256:66851d132bc433174ca3ded1bccbfe461cb7766bfd941f956224eafc2c8ec39f",source="containerd",le="8e+08"} 1
sbom_export_size_bucket{scan_ref="import-2024-05-13@sha256:66851d132bc433174ca3ded1bccbfe461cb7766bfd941f956224eafc2c8ec39f",source="containerd",le="1e+09"} 1
sbom_export_size_bucket{scan_ref="import-2024-05-13@sha256:66851d132bc433174ca3ded1bccbfe461cb7766bfd941f956224eafc2c8ec39f",source="containerd",le="1.5e+09"} 1
sbom_export_size_bucket{scan_ref="import-2024-05-13@sha256:66851d132bc433174ca3ded1bccbfe461cb7766bfd941f956224eafc2c8ec39f",source="containerd",le="+Inf"} 1
sbom_export_size_sum{scan_ref="import-2024-05-13@sha256:66851d132bc433174ca3ded1bccbfe461cb7766bfd941f956224eafc2c8ec39f",source="containerd"} 8.0910848e+07
sbom_export_size_count{scan_ref="import-2024-05-13@sha256:66851d132bc433174ca3ded1bccbfe461cb7766bfd941f956224eafc2c8ec39f",source="containerd"} 1
sbom_export_size_bucket{scan_ref="import-2024-05-13@sha256:91ca1c81e44a332253b9588418418de977942a50ae0d9a84f9a288c4030f8653",source="containerd",le="1e+07"} 0
sbom_export_size_bucket{scan_ref="import-2024-05-13@sha256:91ca1c81e44a332253b9588418418de977942a50ae0d9a84f9a288c4030f8653",source="containerd",le="5e+07"} 0
sbom_export_size_bucket{scan_ref="import-2024-05-13@sha256:91ca1c81e44a332253b9588418418de977942a50ae0d9a84f9a288c4030f8653",source="containerd",le="1e+08"} 1
sbom_export_size_bucket{scan_ref="import-2024-05-13@sha256:91ca1c81e44a332253b9588418418de977942a50ae0d9a84f9a288c4030f8653",source="containerd",le="2e+08"} 1
sbom_export_size_bucket{scan_ref="import-2024-05-13@sha256:91ca1c81e44a332253b9588418418de977942a50ae0d9a84f9a288c4030f8653",source="containerd",le="4e+08"} 1
sbom_export_size_bucket{scan_ref="import-2024-05-13@sha256:91ca1c81e44a332253b9588418418de977942a50ae0d9a84f9a288c4030f8653",source="containerd",le="6e+08"} 1
sbom_export_size_bucket{scan_ref="import-2024-05-13@sha256:91ca1c81e44a332253b9588418418de977942a50ae0d9a84f9a288c4030f8653",source="containerd",le="8e+08"} 1
sbom_export_size_bucket{scan_ref="import-2024-05-13@sha256:91ca1c81e44a332253b9588418418de977942a50ae0d9a84f9a288c4030f8653",source="containerd",le="1e+09"} 1
sbom_export_size_bucket{scan_ref="import-2024-05-13@sha256:91ca1c81e44a332253b9588418418de977942a50ae0d9a84f9a288c4030f8653",source="containerd",le="1.5e+09"} 1
sbom_export_size_bucket{scan_ref="import-2024-05-13@sha256:91ca1c81e44a332253b9588418418de977942a50ae0d9a84f9a288c4030f8653",source="containerd",le="+Inf"} 1
sbom_export_size_sum{scan_ref="import-2024-05-13@sha256:91ca1c81e44a332253b9588418418de977942a50ae0d9a84f9a288c4030f8653",source="containerd"} 8.6743552e+07
sbom_export_size_count{scan_ref="import-2024-05-13@sha256:91ca1c81e44a332253b9588418418de977942a50ae0d9a84f9a288c4030f8653",source="containerd"} 1
sbom_export_size_bucket{scan_ref="import-2024-05-13@sha256:b7267730b5d235ec9500112663c8b244e2d09f0d9f92f1c6bb5caadf73d7a90c",source="containerd",le="1e+07"} 0
sbom_export_size_bucket{scan_ref="import-2024-05-13@sha256:b7267730b5d235ec9500112663c8b244e2d09f0d9f92f1c6bb5caadf73d7a90c",source="containerd",le="5e+07"} 0
sbom_export_size_bucket{scan_ref="import-2024-05-13@sha256:b7267730b5d235ec9500112663c8b244e2d09f0d9f92f1c6bb5caadf73d7a90c",source="containerd",le="1e+08"} 1
sbom_export_size_bucket{scan_ref="import-2024-05-13@sha256:b7267730b5d235ec9500112663c8b244e2d09f0d9f92f1c6bb5caadf73d7a90c",source="containerd",le="2e+08"} 1
sbom_export_size_bucket{scan_ref="import-2024-05-13@sha256:b7267730b5d235ec9500112663c8b244e2d09f0d9f92f1c6bb5caadf73d7a90c",source="containerd",le="4e+08"} 1
sbom_export_size_bucket{scan_ref="import-2024-05-13@sha256:b7267730b5d235ec9500112663c8b244e2d09f0d9f92f1c6bb5caadf73d7a90c",source="containerd",le="6e+08"} 1
sbom_export_size_bucket{scan_ref="import-2024-05-13@sha256:b7267730b5d235ec9500112663c8b244e2d09f0d9f92f1c6bb5caadf73d7a90c",source="containerd",le="8e+08"} 1
sbom_export_size_bucket{scan_ref="import-2024-05-13@sha256:b7267730b5d235ec9500112663c8b244e2d09f0d9f92f1c6bb5caadf73d7a90c",source="containerd",le="1e+09"} 1
sbom_export_size_bucket{scan_ref="import-2024-05-13@sha256:b7267730b5d235ec9500112663c8b244e2d09f0d9f92f1c6bb5caadf73d7a90c",source="containerd",le="1.5e+09"} 1
sbom_export_size_bucket{scan_ref="import-2024-05-13@sha256:b7267730b5d235ec9500112663c8b244e2d09f0d9f92f1c6bb5caadf73d7a90c",source="containerd",le="+Inf"} 1
sbom_export_size_sum{scan_ref="import-2024-05-13@sha256:b7267730b5d235ec9500112663c8b244e2d09f0d9f92f1c6bb5caadf73d7a90c",source="containerd"} 8.9139712e+07
sbom_export_size_count{scan_ref="import-2024-05-13@sha256:b7267730b5d235ec9500112663c8b244e2d09f0d9f92f1c6bb5caadf73d7a90c",source="containerd"} 1
sbom_export_size_bucket{scan_ref="sha256:4740c1948d3fceb8d7dacc63033aa6299d80794ee4f4811539ec1081d9211f3d",source="containerd",le="1e+07"} 0
sbom_export_size_bucket{scan_ref="sha256:4740c1948d3fceb8d7dacc63033aa6299d80794ee4f4811539ec1081d9211f3d",source="containerd",le="5e+07"} 1
sbom_export_size_bucket{scan_ref="sha256:4740c1948d3fceb8d7dacc63033aa6299d80794ee4f4811539ec1081d9211f3d",source="containerd",le="1e+08"} 1
sbom_export_size_bucket{scan_ref="sha256:4740c1948d3fceb8d7dacc63033aa6299d80794ee4f4811539ec1081d9211f3d",source="containerd",le="2e+08"} 1
sbom_export_size_bucket{scan_ref="sha256:4740c1948d3fceb8d7dacc63033aa6299d80794ee4f4811539ec1081d9211f3d",source="containerd",le="4e+08"} 1
sbom_export_size_bucket{scan_ref="sha256:4740c1948d3fceb8d7dacc63033aa6299d80794ee4f4811539ec1081d9211f3d",source="containerd",le="6e+08"} 1
sbom_export_size_bucket{scan_ref="sha256:4740c1948d3fceb8d7dacc63033aa6299d80794ee4f4811539ec1081d9211f3d",source="containerd",le="8e+08"} 1
sbom_export_size_bucket{scan_ref="sha256:4740c1948d3fceb8d7dacc63033aa6299d80794ee4f4811539ec1081d9211f3d",source="containerd",le="1e+09"} 1
sbom_export_size_bucket{scan_ref="sha256:4740c1948d3fceb8d7dacc63033aa6299d80794ee4f4811539ec1081d9211f3d",source="containerd",le="1.5e+09"} 1
sbom_export_size_bucket{scan_ref="sha256:4740c1948d3fceb8d7dacc63033aa6299d80794ee4f4811539ec1081d9211f3d",source="containerd",le="+Inf"} 1
sbom_export_size_sum{scan_ref="sha256:4740c1948d3fceb8d7dacc63033aa6299d80794ee4f4811539ec1081d9211f3d",source="containerd"} 2.5347584e+07
sbom_export_size_count{scan_ref="sha256:4740c1948d3fceb8d7dacc63033aa6299d80794ee4f4811539ec1081d9211f3d",source="containerd"} 1
sbom_export_size_bucket{scan_ref="sha256:6c806bad1e8991c6415cfcc6f4d01ac610635ff47c9f4c21092caa830d90aca1",source="containerd",le="1e+07"} 0
sbom_export_size_bucket{scan_ref="sha256:6c806bad1e8991c6415cfcc6f4d01ac610635ff47c9f4c21092caa830d90aca1",source="containerd",le="5e+07"} 1
sbom_export_size_bucket{scan_ref="sha256:6c806bad1e8991c6415cfcc6f4d01ac610635ff47c9f4c21092caa830d90aca1",source="containerd",le="1e+08"} 1
sbom_export_size_bucket{scan_ref="sha256:6c806bad1e8991c6415cfcc6f4d01ac610635ff47c9f4c21092caa830d90aca1",source="containerd",le="2e+08"} 1
sbom_export_size_bucket{scan_ref="sha256:6c806bad1e8991c6415cfcc6f4d01ac610635ff47c9f4c21092caa830d90aca1",source="containerd",le="4e+08"} 1
sbom_export_size_bucket{scan_ref="sha256:6c806bad1e8991c6415cfcc6f4d01ac610635ff47c9f4c21092caa830d90aca1",source="containerd",le="6e+08"} 1
sbom_export_size_bucket{scan_ref="sha256:6c806bad1e8991c6415cfcc6f4d01ac610635ff47c9f4c21092caa830d90aca1",source="containerd",le="8e+08"} 1
sbom_export_size_bucket{scan_ref="sha256:6c806bad1e8991c6415cfcc6f4d01ac610635ff47c9f4c21092caa830d90aca1",source="containerd",le="1e+09"} 1
sbom_export_size_bucket{scan_ref="sha256:6c806bad1e8991c6415cfcc6f4d01ac610635ff47c9f4c21092caa830d90aca1",source="containerd",le="1.5e+09"} 1
sbom_export_size_bucket{scan_ref="sha256:6c806bad1e8991c6415cfcc6f4d01ac610635ff47c9f4c21092caa830d90aca1",source="containerd",le="+Inf"} 1
sbom_export_size_sum{scan_ref="sha256:6c806bad1e8991c6415cfcc6f4d01ac610635ff47c9f4c21092caa830d90aca1",source="containerd"} 1.7319936e+07
sbom_export_size_count{scan_ref="sha256:6c806bad1e8991c6415cfcc6f4d01ac610635ff47c9f4c21092caa830d90aca1",source="containerd"} 1
sbom_export_size_bucket{scan_ref="sha256:9d98b4a6b6d1fe7346174111650132fd189b9153fb48a94a7b898f55f9d15a17",source="containerd",le="1e+07"} 0
sbom_export_size_bucket{scan_ref="sha256:9d98b4a6b6d1fe7346174111650132fd189b9153fb48a94a7b898f55f9d15a17",source="containerd",le="5e+07"} 0
sbom_export_size_bucket{scan_ref="sha256:9d98b4a6b6d1fe7346174111650132fd189b9153fb48a94a7b898f55f9d15a17",source="containerd",le="1e+08"} 1
sbom_export_size_bucket{scan_ref="sha256:9d98b4a6b6d1fe7346174111650132fd189b9153fb48a94a7b898f55f9d15a17",source="containerd",le="2e+08"} 1
sbom_export_size_bucket{scan_ref="sha256:9d98b4a6b6d1fe7346174111650132fd189b9153fb48a94a7b898f55f9d15a17",source="containerd",le="4e+08"} 1
sbom_export_size_bucket{scan_ref="sha256:9d98b4a6b6d1fe7346174111650132fd189b9153fb48a94a7b898f55f9d15a17",source="containerd",le="6e+08"} 1
sbom_export_size_bucket{scan_ref="sha256:9d98b4a6b6d1fe7346174111650132fd189b9153fb48a94a7b898f55f9d15a17",source="containerd",le="8e+08"} 1
sbom_export_size_bucket{scan_ref="sha256:9d98b4a6b6d1fe7346174111650132fd189b9153fb48a94a7b898f55f9d15a17",source="containerd",le="1e+09"} 1
sbom_export_size_bucket{scan_ref="sha256:9d98b4a6b6d1fe7346174111650132fd189b9153fb48a94a7b898f55f9d15a17",source="containerd",le="1.5e+09"} 1
sbom_export_size_bucket{scan_ref="sha256:9d98b4a6b6d1fe7346174111650132fd189b9153fb48a94a7b898f55f9d15a17",source="containerd",le="+Inf"} 1
sbom_export_size_sum{scan_ref="sha256:9d98b4a6b6d1fe7346174111650132fd189b9153fb48a94a7b898f55f9d15a17",source="containerd"} 9.073408e+07
sbom_export_size_count{scan_ref="sha256:9d98b4a6b6d1fe7346174111650132fd189b9153fb48a94a7b898f55f9d15a17",source="containerd"} 1
sbom_export_size_bucket{scan_ref="sha256:d022557af8b6306cc24be6f095d77b7892f28b34b765c4337774e5e4cbb39132",source="containerd",le="1e+07"} 1
sbom_export_size_bucket{scan_ref="sha256:d022557af8b6306cc24be6f095d77b7892f28b34b765c4337774e5e4cbb39132",source="containerd",le="5e+07"} 1
sbom_export_size_bucket{scan_ref="sha256:d022557af8b6306cc24be6f095d77b7892f28b34b765c4337774e5e4cbb39132",source="containerd",le="1e+08"} 1
sbom_export_size_bucket{scan_ref="sha256:d022557af8b6306cc24be6f095d77b7892f28b34b765c4337774e5e4cbb39132",source="containerd",le="2e+08"} 1
sbom_export_size_bucket{scan_ref="sha256:d022557af8b6306cc24be6f095d77b7892f28b34b765c4337774e5e4cbb39132",source="containerd",le="4e+08"} 1
sbom_export_size_bucket{scan_ref="sha256:d022557af8b6306cc24be6f095d77b7892f28b34b765c4337774e5e4cbb39132",source="containerd",le="6e+08"} 1
sbom_export_size_bucket{scan_ref="sha256:d022557af8b6306cc24be6f095d77b7892f28b34b765c4337774e5e4cbb39132",source="containerd",le="8e+08"} 1
sbom_export_size_bucket{scan_ref="sha256:d022557af8b6306cc24be6f095d77b7892f28b34b765c4337774e5e4cbb39132",source="containerd",le="1e+09"} 1
sbom_export_size_bucket{scan_ref="sha256:d022557af8b6306cc24be6f095d77b7892f28b34b765c4337774e5e4cbb39132",source="containerd",le="1.5e+09"} 1
sbom_export_size_bucket{scan_ref="sha256:d022557af8b6306cc24be6f095d77b7892f28b34b765c4337774e5e4cbb39132",source="containerd",le="+Inf"} 1
sbom_export_size_sum{scan_ref="sha256:d022557af8b6306cc24be6f095d77b7892f28b34b765c4337774e5e4cbb39132",source="containerd"} 2.93888e+06
sbom_export_size_count{scan_ref="sha256:d022557af8b6306cc24be6f095d77b7892f28b34b765c4337774e5e4cbb39132",source="containerd"} 1
sbom_generation_duration_bucket{scan_type="daemon",source="containerd",le="10"} 8
sbom_generation_duration_bucket{scan_type="daemon",source="containerd",le="30"} 8
sbom_generation_duration_bucket{scan_type="daemon",source="containerd",le="60"} 8
sbom_generation_duration_bucket{scan_type="daemon",source="containerd",le="120"} 8
sbom_generation_duration_bucket{scan_type="daemon",source="containerd",le="180"} 8
sbom_generation_duration_bucket{scan_type="daemon",source="containerd",le="240"} 8
sbom_generation_duration_bucket{scan_type="daemon",source="containerd",le="300"} 8
sbom_generation_duration_bucket{scan_type="daemon",source="containerd",le="360"} 8
sbom_generation_duration_bucket{scan_type="daemon",source="containerd",le="420"} 8
sbom_generation_duration_bucket{scan_type="daemon",source="containerd",le="480"} 8
sbom_generation_duration_bucket{scan_type="daemon",source="containerd",le="540"} 8
sbom_generation_duration_bucket{scan_type="daemon",source="containerd",le="600"} 8
sbom_generation_duration_bucket{scan_type="daemon",source="containerd",le="+Inf"} 8
sbom_generation_duration_sum{scan_type="daemon",source="containerd"} 5.72936292
sbom_generation_duration_count{scan_type="daemon",source="containerd"} 8
sbom_generation_duration_bucket{scan_type="filesystem",source="host",le="10"} 1
sbom_generation_duration_bucket{scan_type="filesystem",source="host",le="30"} 1
sbom_generation_duration_bucket{scan_type="filesystem",source="host",le="60"} 1
sbom_generation_duration_bucket{scan_type="filesystem",source="host",le="120"} 1
sbom_generation_duration_bucket{scan_type="filesystem",source="host",le="180"} 1
sbom_generation_duration_bucket{scan_type="filesystem",source="host",le="240"} 1
sbom_generation_duration_bucket{scan_type="filesystem",source="host",le="300"} 1
sbom_generation_duration_bucket{scan_type="filesystem",source="host",le="360"} 1
sbom_generation_duration_bucket{scan_type="filesystem",source="host",le="420"} 1
sbom_generation_duration_bucket{scan_type="filesystem",source="host",le="480"} 1
sbom_generation_duration_bucket{scan_type="filesystem",source="host",le="540"} 1
sbom_generation_duration_bucket{scan_type="filesystem",source="host",le="600"} 1
sbom_generation_duration_bucket{scan_type="filesystem",source="host",le="+Inf"} 1
sbom_generation_duration_sum{scan_type="filesystem",source="host"} 0.1830355
sbom_generation_duration_count{scan_type="filesystem",source="host"} 1
sbom_queue_adds 31
sbom_queue_depth 0
sbom_queue_latency_bucket{le="1"} 5
sbom_queue_latency_bucket{le="15"} 31
sbom_queue_latency_bucket{le="60"} 31
sbom_queue_latency_bucket{le="120"} 31
sbom_queue_latency_bucket{le="600"} 31
sbom_queue_latency_bucket{le="1200"} 31
sbom_queue_latency_bucket{le="+Inf"} 31
sbom_queue_latency_sum 86.953801712
sbom_queue_latency_count 31
sbom_queue_longest_running_processor 0
sbom_queue_retries 22
sbom_queue_unfinished_work 0
sbom_queue_work_duration_bucket{le="0.005"} 20
sbom_queue_work_duration_bucket{le="0.01"} 22
sbom_queue_work_duration_bucket{le="0.025"} 22
sbom_queue_work_duration_bucket{le="0.05"} 22
sbom_queue_work_duration_bucket{le="0.1"} 23
sbom_queue_work_duration_bucket{le="0.25"} 24
sbom_queue_work_duration_bucket{le="0.5"} 26
sbom_queue_work_duration_bucket{le="1"} 30
sbom_queue_work_duration_bucket{le="2.5"} 30
sbom_queue_work_duration_bucket{le="5"} 31
sbom_queue_work_duration_bucket{le="10"} 31
sbom_queue_work_duration_bucket{le="+Inf"} 31
sbom_queue_work_duration_sum 5.992209626
sbom_queue_work_duration_count 31
tagger_events{cardinality="high"} 292
tagger_queries{cardinality="high",status="empty_entity_id"} 13
tagger_queries{cardinality="high",status="empty_tags"} 0
tagger_queries{cardinality="high",status="success"} 152889
tagger_queries{cardinality="low",status="empty_entity_id"} 40
tagger_queries{cardinality="low",status="empty_tags"} 0
tagger_queries{cardinality="low",status="success"} 15640
tagger_queries{cardinality="orchestrator",status="empty_entity_id"} 0
tagger_queries{cardinality="orchestrator",status="empty_tags"} 0
tagger_queries{cardinality="orchestrator",status="success"} 133
tagger_queries{cardinality="unknown",status="empty_entity_id"} 0
tagger_queries{cardinality="unknown",status="empty_tags"} 0
tagger_queries{cardinality="unknown",status="success"} 0
tagger_sends 48
tagger_stored_entities{prefix="container_id",source="workloadmeta-container"} 21
tagger_stored_entities{prefix="container_id",source="workloadmeta-kubernetes_pod"} 17
tagger_stored_entities{prefix="container_image_metadata",source="workloadmeta-container_image_metadata"} 30
tagger_stored_entities{prefix="kubernetes_pod_uid",source="workloadmeta-kubernetes_pod"} 9
tagger_subscribers 2
tagger_updated_entities 160
target_info{service_name="unknown_service:agent",telemetry_sdk_language="go",telemetry_sdk_name="opentelemetry",telemetry_sdk_version="1.27.0"} 1
transaction_container__current_mem_size_in_bytes{domain="https://7-55-2-app.agent.datadoghq.com"} 0
transaction_container__current_mem_size_in_bytes{domain="https://orchestrator.datadoghq.com"} 0
transaction_container__current_mem_size_in_bytes{domain="https://process-events.datadoghq.com"} 0
transaction_container__current_mem_size_in_bytes{domain="https://process.datadoghq.com"} 0
transaction_container__transactions_count{domain="https://7-55-2-app.agent.datadoghq.com"} 0
transaction_container__transactions_count{domain="https://orchestrator.datadoghq.com"} 0
transaction_container__transactions_count{domain="https://process-events.datadoghq.com"} 0
transaction_container__transactions_count{domain="https://process.datadoghq.com"} 0
transactions__connection_events{connection_event_type="connection_success"} 3
transactions__connection_events{connection_event_type="dns_lookup_success"} 3
transactions__input_bytes{domain="https://7-55-2-app.agent.datadoghq.com",endpoint="check_run_v1"} 2518
transactions__input_bytes{domain="https://7-55-2-app.agent.datadoghq.com",endpoint="intake"} 5276
transactions__input_bytes{domain="https://7-55-2-app.agent.datadoghq.com",endpoint="metadata_v1"} 22701
transactions__input_bytes{domain="https://7-55-2-app.agent.datadoghq.com",endpoint="series_v2"} 173869
transactions__input_bytes{domain="https://orchestrator.datadoghq.com",endpoint="orchestrator"} 8535
transactions__input_bytes{domain="https://orchestrator.datadoghq.com",endpoint="orchmanifest"} 26505
transactions__input_bytes{domain="https://process.datadoghq.com",endpoint="process"} 61006
transactions__input_count{domain="https://7-55-2-app.agent.datadoghq.com",endpoint="check_run_v1"} 4
transactions__input_count{domain="https://7-55-2-app.agent.datadoghq.com",endpoint="intake"} 5
transactions__input_count{domain="https://7-55-2-app.agent.datadoghq.com",endpoint="metadata_v1"} 5
transactions__input_count{domain="https://7-55-2-app.agent.datadoghq.com",endpoint="series_v2"} 4
transactions__input_count{domain="https://orchestrator.datadoghq.com",endpoint="orchestrator"} 2
transactions__input_count{domain="https://orchestrator.datadoghq.com",endpoint="orchmanifest"} 2
transactions__input_count{domain="https://process.datadoghq.com",endpoint="process"} 7
transactions__retry_queue_size{domain="https://7-55-2-app.agent.datadoghq.com"} 0
transactions__retry_queue_size{domain="https://orchestrator.datadoghq.com"} 0
transactions__retry_queue_size{domain="https://process-events.datadoghq.com"} 0
transactions__retry_queue_size{domain="https://process.datadoghq.com"} 0
transactions__success{domain="https://7-55-2-app.agent.datadoghq.com",endpoint="check_run_v1"} 4
transactions__success{domain="https://7-55-2-app.agent.datadoghq.com",endpoint="intake"} 5
transactions__success{domain="https://7-55-2-app.agent.datadoghq.com",endpoint="metadata_v1"} 5
transactions__success{domain="https://7-55-2-app.agent.datadoghq.com",endpoint="series_v2"} 4
transactions__success{domain="https://orchestrator.datadoghq.com",endpoint="orchestrator"} 2
transactions__success{domain="https://orchestrator.datadoghq.com",endpoint="orchmanifest"} 2
transactions__success{domain="https://process.datadoghq.com",endpoint="process"} 7
transactions__success_bytes{domain="https://7-55-2-app.agent.datadoghq.com",endpoint="check_run_v1"} 2518
transactions__success_bytes{domain="https://7-55-2-app.agent.datadoghq.com",endpoint="intake"} 5276
transactions__success_bytes{domain="https://7-55-2-app.agent.datadoghq.com",endpoint="metadata_v1"} 22701
transactions__success_bytes{domain="https://7-55-2-app.agent.datadoghq.com",endpoint="series_v2"} 173869
transactions__success_bytes{domain="https://orchestrator.datadoghq.com",endpoint="orchestrator"} 8535
transactions__success_bytes{domain="https://orchestrator.datadoghq.com",endpoint="orchmanifest"} 26505
transactions__success_bytes{domain="https://process.datadoghq.com",endpoint="process"} 61006
workloadmeta_events_received{kind="container",source="node_orchestrator"} 27
workloadmeta_events_received{kind="container",source="runtime"} 27
workloadmeta_events_received{kind="container_image_metadata",source="runtime"} 60
workloadmeta_events_received{kind="kubernetes_pod",source="cluster_orchestrator"} 8
workloadmeta_events_received{kind="kubernetes_pod",source="node_orchestrator"} 11
workloadmeta_events_received{kind="process",source="remote_process_collector"} 2.100521e+06
workloadmeta_notifications_sent{status="success",subscriber_name="SBOM collector"} 60
workloadmeta_notifications_sent{status="success",subscriber_name="ad-kubecontainerprovider"} 9
workloadmeta_notifications_sent{status="success",subscriber_name="ad-kubeletlistener"} 3
workloadmeta_notifications_sent{status="success",subscriber_name="container_lifecycle-cont"} 3
workloadmeta_notifications_sent{status="success",subscriber_name="container_lifecycle-pod"} 1
workloadmeta_notifications_sent{status="success",subscriber_name="language_detection_client"} 13862
workloadmeta_notifications_sent{status="success",subscriber_name="sbom"} 23
workloadmeta_notifications_sent{status="success",subscriber_name="tagger-workloadmeta"} 13928
workloadmeta_pull_duration_bucket{collector_id="containerd",le="0.25"} 14
workloadmeta_pull_duration_bucket{collector_id="containerd",le="0.5"} 14
workloadmeta_pull_duration_bucket{collector_id="containerd",le="0.75"} 14
workloadmeta_pull_duration_bucket{collector_id="containerd",le="1"} 14
workloadmeta_pull_duration_bucket{collector_id="containerd",le="2"} 14
workloadmeta_pull_duration_bucket{collector_id="containerd",le="5"} 14
workloadmeta_pull_duration_bucket{collector_id="containerd",le="10"} 14
workloadmeta_pull_duration_bucket{collector_id="containerd",le="15"} 14
workloadmeta_pull_duration_bucket{collector_id="containerd",le="30"} 14
workloadmeta_pull_duration_bucket{collector_id="containerd",le="45"} 14
workloadmeta_pull_duration_bucket{collector_id="containerd",le="60"} 14
workloadmeta_pull_duration_bucket{collector_id="containerd",le="+Inf"} 14
workloadmeta_pull_duration_sum{collector_id="containerd"} 0.000641914
workloadmeta_pull_duration_count{collector_id="containerd"} 14
workloadmeta_pull_duration_bucket{collector_id="host",le="0.25"} 14
workloadmeta_pull_duration_bucket{collector_id="host",le="0.5"} 14
workloadmeta_pull_duration_bucket{collector_id="host",le="0.75"} 14
workloadmeta_pull_duration_bucket{collector_id="host",le="1"} 14
workloadmeta_pull_duration_bucket{collector_id="host",le="2"} 14
workloadmeta_pull_duration_bucket{collector_id="host",le="5"} 14
workloadmeta_pull_duration_bucket{collector_id="host",le="10"} 14
workloadmeta_pull_duration_bucket{collector_id="host",le="15"} 14
workloadmeta_pull_duration_bucket{collector_id="host",le="30"} 14
workloadmeta_pull_duration_bucket{collector_id="host",le="45"} 14
workloadmeta_pull_duration_bucket{collector_id="host",le="60"} 14
workloadmeta_pull_duration_bucket{collector_id="host",le="+Inf"} 14
workloadmeta_pull_duration_sum{collector_id="host"} 0.000579123
workloadmeta_pull_duration_count{collector_id="host"} 14
workloadmeta_pull_duration_bucket{collector_id="kube_metadata",le="0.25"} 5
workloadmeta_pull_duration_bucket{collector_id="kube_metadata",le="0.5"} 5
workloadmeta_pull_duration_bucket{collector_id="kube_metadata",le="0.75"} 5
workloadmeta_pull_duration_bucket{collector_id="kube_metadata",le="1"} 5
workloadmeta_pull_duration_bucket{collector_id="kube_metadata",le="2"} 5
workloadmeta_pull_duration_bucket{collector_id="kube_metadata",le="5"} 5
workloadmeta_pull_duration_bucket{collector_id="kube_metadata",le="10"} 5
workloadmeta_pull_duration_bucket{collector_id="kube_metadata",le="15"} 5
workloadmeta_pull_duration_bucket{collector_id="kube_metadata",le="30"} 5
workloadmeta_pull_duration_bucket{collector_id="kube_metadata",le="45"} 5
workloadmeta_pull_duration_bucket{collector_id="kube_metadata",le="60"} 5
workloadmeta_pull_duration_bucket{collector_id="kube_metadata",le="+Inf"} 5
workloadmeta_pull_duration_sum{collector_id="kube_metadata"} 0.009972499
workloadmeta_pull_duration_count{collector_id="kube_metadata"} 5
workloadmeta_pull_duration_bucket{collector_id="kubelet",le="0.25"} 14
workloadmeta_pull_duration_bucket{collector_id="kubelet",le="0.5"} 14
workloadmeta_pull_duration_bucket{collector_id="kubelet",le="0.75"} 14
workloadmeta_pull_duration_bucket{collector_id="kubelet",le="1"} 14
workloadmeta_pull_duration_bucket{collector_id="kubelet",le="2"} 14
workloadmeta_pull_duration_bucket{collector_id="kubelet",le="5"} 14
workloadmeta_pull_duration_bucket{collector_id="kubelet",le="10"} 14
workloadmeta_pull_duration_bucket{collector_id="kubelet",le="15"} 14
workloadmeta_pull_duration_bucket{collector_id="kubelet",le="30"} 14
workloadmeta_pull_duration_bucket{collector_id="kubelet",le="45"} 14
workloadmeta_pull_duration_bucket{collector_id="kubelet",le="60"} 14
workloadmeta_pull_duration_bucket{collector_id="kubelet",le="+Inf"} 14
workloadmeta_pull_duration_sum{collector_id="kubelet"} 0.023318623
workloadmeta_pull_duration_count{collector_id="kubelet"} 14
workloadmeta_pull_duration_bucket{collector_id="process-collector",le="0.25"} 14
workloadmeta_pull_duration_bucket{collector_id="process-collector",le="0.5"} 14
workloadmeta_pull_duration_bucket{collector_id="process-collector",le="0.75"} 14
workloadmeta_pull_duration_bucket{collector_id="process-collector",le="1"} 14
workloadmeta_pull_duration_bucket{collector_id="process-collector",le="2"} 14
workloadmeta_pull_duration_bucket{collector_id="process-collector",le="5"} 14
workloadmeta_pull_duration_bucket{collector_id="process-collector",le="10"} 14
workloadmeta_pull_duration_bucket{collector_id="process-collector",le="15"} 14
workloadmeta_pull_duration_bucket{collector_id="process-collector",le="30"} 14
workloadmeta_pull_duration_bucket{collector_id="process-collector",le="45"} 14
workloadmeta_pull_duration_bucket{collector_id="process-collector",le="60"} 14
workloadmeta_pull_duration_bucket{collector_id="process-collector",le="+Inf"} 14
workloadmeta_pull_duration_sum{collector_id="process-collector"} 0.000592208
workloadmeta_pull_duration_count{collector_id="process-collector"} 14
workloadmeta_remote_client_errors{collector="process-collector"} 13856
workloadmeta_stored_entities{kind="container",source="node_orchestrator"} 15
workloadmeta_stored_entities{kind="container",source="runtime"} 18
workloadmeta_stored_entities{kind="container_image_metadata",source="runtime"} 30
workloadmeta_stored_entities{kind="kubernetes_pod",source="cluster_orchestrator"} 8
workloadmeta_stored_entities{kind="kubernetes_pod",source="node_orchestrator"} 8
workloadmeta_stored_entities{kind="process",source="remote_process_collector"} 34
workloadmeta_subscribers 9